info: Microsoft.Hosting.Lifetime[14]
      Now listening on: http://localhost:7079
info: Microsoft.Hosting.Lifetime[0]
      Application started. Press Ctrl+C to shut down.
info: Microsoft.Hosting.Lifetime[0]
      Hosting environment: Development
info: Microsoft.Hosting.Lifetime[0]
      Content root path: C:\Users\usern\OneDrive\Documents\New project\.worktrees\jio-rcs-wrapper\src\JioCxRcsWrapper.Web
info: Microsoft.EntityFrameworkCore.Database.Command[20101]
      Executed DbCommand (409ms) [Parameters=[@__p_1='?' (DbType = Int32), @__now_0='?' (DbType = DateTimeOffset)], CommandType='Text', CommandTimeout='30']
      SELECT TOP(@__p_1) [c].[Id], [c].[AttemptCount], [c].[CampaignId], [c].[ContactId], [c].[CreatedAt], [c].[LastError], [c].[LockedAt], [c].[LockedBy], [c].[NextAttemptAt], [c].[ProcessedAt], [c].[Status]
      FROM [CampaignQueueItems] AS [c]
      WHERE [c].[Status] = 1 OR ([c].[Status] = 3 AND [c].[NextAttemptAt] <= @__now_0)
      ORDER BY [c].[CreatedAt]
info: Microsoft.EntityFrameworkCore.Database.Command[20101]
      Executed DbCommand (28ms) [Parameters=[@__p_1='?' (DbType = Int32), @__now_0='?' (DbType = DateTimeOffset)], CommandType='Text', CommandTimeout='30']
      SELECT TOP(@__p_1) [c].[Id], [c].[AttemptCount], [c].[CampaignId], [c].[ContactId], [c].[CreatedAt], [c].[LastError], [c].[LockedAt], [c].[LockedBy], [c].[NextAttemptAt], [c].[ProcessedAt], [c].[Status]
      FROM [CampaignQueueItems] AS [c]
      WHERE [c].[Status] = 1 OR ([c].[Status] = 3 AND [c].[NextAttemptAt] <= @__now_0)
      ORDER BY [c].[CreatedAt]
warn: Microsoft.AspNetCore.HttpsPolicy.HttpsRedirectionMiddleware[3]
      Failed to determine the https port for redirect.
info: Microsoft.EntityFrameworkCore.Database.Command[20101]
      Executed DbCommand (28ms) [Parameters=[], CommandType='Text', CommandTimeout='30']
      SELECT TOP(1) [c].[Id], [c].[ClientId], [c].[IsDefault], [c].[LogoPath], [c].[SiteName]
      FROM [ClientBrandingSettings] AS [c]
      WHERE [c].[IsDefault] = CAST(1 AS bit)
info: Microsoft.EntityFrameworkCore.Database.Command[20101]
      Executed DbCommand (6ms) [Parameters=[@__p_1='?' (DbType = Int32), @__now_0='?' (DbType = DateTimeOffset)], CommandType='Text', CommandTimeout='30']
      SELECT TOP(@__p_1) [c].[Id], [c].[AttemptCount], [c].[CampaignId], [c].[ContactId], [c].[CreatedAt], [c].[LastError], [c].[LockedAt], [c].[LockedBy], [c].[NextAttemptAt], [c].[ProcessedAt], [c].[Status]
      FROM [CampaignQueueItems] AS [c]
      WHERE [c].[Status] = 1 OR ([c].[Status] = 3 AND [c].[NextAttemptAt] <= @__now_0)
      ORDER BY [c].[CreatedAt]
info: Microsoft.EntityFrameworkCore.Database.Command[20101]
      Executed DbCommand (6ms) [Parameters=[@__p_1='?' (DbType = Int32), @__now_0='?' (DbType = DateTimeOffset)], CommandType='Text', CommandTimeout='30']
      SELECT TOP(@__p_1) [c].[Id], [c].[AttemptCount], [c].[CampaignId], [c].[ContactId], [c].[CreatedAt], [c].[LastError], [c].[LockedAt], [c].[LockedBy], [c].[NextAttemptAt], [c].[ProcessedAt], [c].[Status]
      FROM [CampaignQueueItems] AS [c]
      WHERE [c].[Status] = 1 OR ([c].[Status] = 3 AND [c].[NextAttemptAt] <= @__now_0)
      ORDER BY [c].[CreatedAt]
info: Microsoft.EntityFrameworkCore.Database.Command[20101]
      Executed DbCommand (18ms) [Parameters=[@__p_1='?' (DbType = Int32), @__now_0='?' (DbType = DateTimeOffset)], CommandType='Text', CommandTimeout='30']
      SELECT TOP(@__p_1) [c].[Id], [c].[AttemptCount], [c].[CampaignId], [c].[ContactId], [c].[CreatedAt], [c].[LastError], [c].[LockedAt], [c].[LockedBy], [c].[NextAttemptAt], [c].[ProcessedAt], [c].[Status]
      FROM [CampaignQueueItems] AS [c]
      WHERE [c].[Status] = 1 OR ([c].[Status] = 3 AND [c].[NextAttemptAt] <= @__now_0)
      ORDER BY [c].[CreatedAt]
info: Microsoft.EntityFrameworkCore.Database.Command[20101]
      Executed DbCommand (14ms) [Parameters=[@__p_1='?' (DbType = Int32), @__now_0='?' (DbType = DateTimeOffset)], CommandType='Text', CommandTimeout='30']
      SELECT TOP(@__p_1) [c].[Id], [c].[AttemptCount], [c].[CampaignId], [c].[ContactId], [c].[CreatedAt], [c].[LastError], [c].[LockedAt], [c].[LockedBy], [c].[NextAttemptAt], [c].[ProcessedAt], [c].[Status]
      FROM [CampaignQueueItems] AS [c]
      WHERE [c].[Status] = 1 OR ([c].[Status] = 3 AND [c].[NextAttemptAt] <= @__now_0)
      ORDER BY [c].[CreatedAt]
info: Microsoft.EntityFrameworkCore.Database.Command[20101]
      Executed DbCommand (7ms) [Parameters=[@__p_1='?' (DbType = Int32), @__now_0='?' (DbType = DateTimeOffset)], CommandType='Text', CommandTimeout='30']
      SELECT TOP(@__p_1) [c].[Id], [c].[AttemptCount], [c].[CampaignId], [c].[ContactId], [c].[CreatedAt], [c].[LastError], [c].[LockedAt], [c].[LockedBy], [c].[NextAttemptAt], [c].[ProcessedAt], [c].[Status]
      FROM [CampaignQueueItems] AS [c]
      WHERE [c].[Status] = 1 OR ([c].[Status] = 3 AND [c].[NextAttemptAt] <= @__now_0)
      ORDER BY [c].[CreatedAt]
info: Microsoft.EntityFrameworkCore.Database.Command[20101]
      Executed DbCommand (11ms) [Parameters=[@__p_1='?' (DbType = Int32), @__now_0='?' (DbType = DateTimeOffset)], CommandType='Text', CommandTimeout='30']
      SELECT TOP(@__p_1) [c].[Id], [c].[AttemptCount], [c].[CampaignId], [c].[ContactId], [c].[CreatedAt], [c].[LastError], [c].[LockedAt], [c].[LockedBy], [c].[NextAttemptAt], [c].[ProcessedAt], [c].[Status]
      FROM [CampaignQueueItems] AS [c]
      WHERE [c].[Status] = 1 OR ([c].[Status] = 3 AND [c].[NextAttemptAt] <= @__now_0)
      ORDER BY [c].[CreatedAt]
info: Microsoft.EntityFrameworkCore.Database.Command[20101]
      Executed DbCommand (17ms) [Parameters=[@__p_1='?' (DbType = Int32), @__now_0='?' (DbType = DateTimeOffset)], CommandType='Text', CommandTimeout='30']
      SELECT TOP(@__p_1) [c].[Id], [c].[AttemptCount], [c].[CampaignId], [c].[ContactId], [c].[CreatedAt], [c].[LastError], [c].[LockedAt], [c].[LockedBy], [c].[NextAttemptAt], [c].[ProcessedAt], [c].[Status]
      FROM [CampaignQueueItems] AS [c]
      WHERE [c].[Status] = 1 OR ([c].[Status] = 3 AND [c].[NextAttemptAt] <= @__now_0)
      ORDER BY [c].[CreatedAt]
info: Microsoft.EntityFrameworkCore.Database.Command[20101]
      Executed DbCommand (9ms) [Parameters=[@__p_1='?' (DbType = Int32), @__now_0='?' (DbType = DateTimeOffset)], CommandType='Text', CommandTimeout='30']
      SELECT TOP(@__p_1) [c].[Id], [c].[AttemptCount], [c].[CampaignId], [c].[ContactId], [c].[CreatedAt], [c].[LastError], [c].[LockedAt], [c].[LockedBy], [c].[NextAttemptAt], [c].[ProcessedAt], [c].[Status]
      FROM [CampaignQueueItems] AS [c]
      WHERE [c].[Status] = 1 OR ([c].[Status] = 3 AND [c].[NextAttemptAt] <= @__now_0)
      ORDER BY [c].[CreatedAt]
info: Microsoft.EntityFrameworkCore.Database.Command[20101]
      Executed DbCommand (244ms) [Parameters=[@__p_1='?' (DbType = Int32), @__now_0='?' (DbType = DateTimeOffset)], CommandType='Text', CommandTimeout='30']
      SELECT TOP(@__p_1) [c].[Id], [c].[AttemptCount], [c].[CampaignId], [c].[ContactId], [c].[CreatedAt], [c].[LastError], [c].[LockedAt], [c].[LockedBy], [c].[NextAttemptAt], [c].[ProcessedAt], [c].[Status]
      FROM [CampaignQueueItems] AS [c]
      WHERE [c].[Status] = 1 OR ([c].[Status] = 3 AND [c].[NextAttemptAt] <= @__now_0)
      ORDER BY [c].[CreatedAt]
info: Microsoft.EntityFrameworkCore.Database.Command[20101]
      Executed DbCommand (11ms) [Parameters=[@__p_1='?' (DbType = Int32), @__now_0='?' (DbType = DateTimeOffset)], CommandType='Text', CommandTimeout='30']
      SELECT TOP(@__p_1) [c].[Id], [c].[AttemptCount], [c].[CampaignId], [c].[ContactId], [c].[CreatedAt], [c].[LastError], [c].[LockedAt], [c].[LockedBy], [c].[NextAttemptAt], [c].[ProcessedAt], [c].[Status]
      FROM [CampaignQueueItems] AS [c]
      WHERE [c].[Status] = 1 OR ([c].[Status] = 3 AND [c].[NextAttemptAt] <= @__now_0)
      ORDER BY [c].[CreatedAt]
info: Microsoft.EntityFrameworkCore.Database.Command[20101]
      Executed DbCommand (5ms) [Parameters=[@__p_1='?' (DbType = Int32), @__now_0='?' (DbType = DateTimeOffset)], CommandType='Text', CommandTimeout='30']
      SELECT TOP(@__p_1) [c].[Id], [c].[AttemptCount], [c].[CampaignId], [c].[ContactId], [c].[CreatedAt], [c].[LastError], [c].[LockedAt], [c].[LockedBy], [c].[NextAttemptAt], [c].[ProcessedAt], [c].[Status]
      FROM [CampaignQueueItems] AS [c]
      WHERE [c].[Status] = 1 OR ([c].[Status] = 3 AND [c].[NextAttemptAt] <= @__now_0)
      ORDER BY [c].[CreatedAt]
info: Microsoft.EntityFrameworkCore.Database.Command[20101]
      Executed DbCommand (7ms) [Parameters=[@__p_1='?' (DbType = Int32), @__now_0='?' (DbType = DateTimeOffset)], CommandType='Text', CommandTimeout='30']
      SELECT TOP(@__p_1) [c].[Id], [c].[AttemptCount], [c].[CampaignId], [c].[ContactId], [c].[CreatedAt], [c].[LastError], [c].[LockedAt], [c].[LockedBy], [c].[NextAttemptAt], [c].[ProcessedAt], [c].[Status]
      FROM [CampaignQueueItems] AS [c]
      WHERE [c].[Status] = 1 OR ([c].[Status] = 3 AND [c].[NextAttemptAt] <= @__now_0)
      ORDER BY [c].[CreatedAt]
info: Microsoft.EntityFrameworkCore.Database.Command[20101]
      Executed DbCommand (9ms) [Parameters=[@__p_1='?' (DbType = Int32), @__now_0='?' (DbType = DateTimeOffset)], CommandType='Text', CommandTimeout='30']
      SELECT TOP(@__p_1) [c].[Id], [c].[AttemptCount], [c].[CampaignId], [c].[ContactId], [c].[CreatedAt], [c].[LastError], [c].[LockedAt], [c].[LockedBy], [c].[NextAttemptAt], [c].[ProcessedAt], [c].[Status]
      FROM [CampaignQueueItems] AS [c]
      WHERE [c].[Status] = 1 OR ([c].[Status] = 3 AND [c].[NextAttemptAt] <= @__now_0)
      ORDER BY [c].[CreatedAt]
info: Microsoft.EntityFrameworkCore.Database.Command[20101]
      Executed DbCommand (7ms) [Parameters=[@__p_1='?' (DbType = Int32), @__now_0='?' (DbType = DateTimeOffset)], CommandType='Text', CommandTimeout='30']
      SELECT TOP(@__p_1) [c].[Id], [c].[AttemptCount], [c].[CampaignId], [c].[ContactId], [c].[CreatedAt], [c].[LastError], [c].[LockedAt], [c].[LockedBy], [c].[NextAttemptAt], [c].[ProcessedAt], [c].[Status]
      FROM [CampaignQueueItems] AS [c]
      WHERE [c].[Status] = 1 OR ([c].[Status] = 3 AND [c].[NextAttemptAt] <= @__now_0)
      ORDER BY [c].[CreatedAt]
info: Microsoft.EntityFrameworkCore.Database.Command[20101]
      Executed DbCommand (5ms) [Parameters=[@__p_1='?' (DbType = Int32), @__now_0='?' (DbType = DateTimeOffset)], CommandType='Text', CommandTimeout='30']
      SELECT TOP(@__p_1) [c].[Id], [c].[AttemptCount], [c].[CampaignId], [c].[ContactId], [c].[CreatedAt], [c].[LastError], [c].[LockedAt], [c].[LockedBy], [c].[NextAttemptAt], [c].[ProcessedAt], [c].[Status]
      FROM [CampaignQueueItems] AS [c]
      WHERE [c].[Status] = 1 OR ([c].[Status] = 3 AND [c].[NextAttemptAt] <= @__now_0)
      ORDER BY [c].[CreatedAt]
info: Microsoft.EntityFrameworkCore.Database.Command[20101]
      Executed DbCommand (9ms) [Parameters=[@__p_1='?' (DbType = Int32), @__now_0='?' (DbType = DateTimeOffset)], CommandType='Text', CommandTimeout='30']
      SELECT TOP(@__p_1) [c].[Id], [c].[AttemptCount], [c].[CampaignId], [c].[ContactId], [c].[CreatedAt], [c].[LastError], [c].[LockedAt], [c].[LockedBy], [c].[NextAttemptAt], [c].[ProcessedAt], [c].[Status]
      FROM [CampaignQueueItems] AS [c]
      WHERE [c].[Status] = 1 OR ([c].[Status] = 3 AND [c].[NextAttemptAt] <= @__now_0)
      ORDER BY [c].[CreatedAt]
info: Microsoft.EntityFrameworkCore.Database.Command[20101]
      Executed DbCommand (6ms) [Parameters=[@__p_1='?' (DbType = Int32), @__now_0='?' (DbType = DateTimeOffset)], CommandType='Text', CommandTimeout='30']
      SELECT TOP(@__p_1) [c].[Id], [c].[AttemptCount], [c].[CampaignId], [c].[ContactId], [c].[CreatedAt], [c].[LastError], [c].[LockedAt], [c].[LockedBy], [c].[NextAttemptAt], [c].[ProcessedAt], [c].[Status]
      FROM [CampaignQueueItems] AS [c]
      WHERE [c].[Status] = 1 OR ([c].[Status] = 3 AND [c].[NextAttemptAt] <= @__now_0)
      ORDER BY [c].[CreatedAt]
info: Microsoft.EntityFrameworkCore.Database.Command[20101]
      Executed DbCommand (6ms) [Parameters=[@__p_1='?' (DbType = Int32), @__now_0='?' (DbType = DateTimeOffset)], CommandType='Text', CommandTimeout='30']
      SELECT TOP(@__p_1) [c].[Id], [c].[AttemptCount], [c].[CampaignId], [c].[ContactId], [c].[CreatedAt], [c].[LastError], [c].[LockedAt], [c].[LockedBy], [c].[NextAttemptAt], [c].[ProcessedAt], [c].[Status]
      FROM [CampaignQueueItems] AS [c]
      WHERE [c].[Status] = 1 OR ([c].[Status] = 3 AND [c].[NextAttemptAt] <= @__now_0)
      ORDER BY [c].[CreatedAt]
info: Microsoft.EntityFrameworkCore.Database.Command[20101]
      Executed DbCommand (6ms) [Parameters=[@__p_1='?' (DbType = Int32), @__now_0='?' (DbType = DateTimeOffset)], CommandType='Text', CommandTimeout='30']
      SELECT TOP(@__p_1) [c].[Id], [c].[AttemptCount], [c].[CampaignId], [c].[ContactId], [c].[CreatedAt], [c].[LastError], [c].[LockedAt], [c].[LockedBy], [c].[NextAttemptAt], [c].[ProcessedAt], [c].[Status]
      FROM [CampaignQueueItems] AS [c]
      WHERE [c].[Status] = 1 OR ([c].[Status] = 3 AND [c].[NextAttemptAt] <= @__now_0)
      ORDER BY [c].[CreatedAt]
info: Microsoft.EntityFrameworkCore.Database.Command[20101]
      Executed DbCommand (5ms) [Parameters=[@__p_1='?' (DbType = Int32), @__now_0='?' (DbType = DateTimeOffset)], CommandType='Text', CommandTimeout='30']
      SELECT TOP(@__p_1) [c].[Id], [c].[AttemptCount], [c].[CampaignId], [c].[ContactId], [c].[CreatedAt], [c].[LastError], [c].[LockedAt], [c].[LockedBy], [c].[NextAttemptAt], [c].[ProcessedAt], [c].[Status]
      FROM [CampaignQueueItems] AS [c]
      WHERE [c].[Status] = 1 OR ([c].[Status] = 3 AND [c].[NextAttemptAt] <= @__now_0)
      ORDER BY [c].[CreatedAt]
info: Microsoft.EntityFrameworkCore.Database.Command[20101]
      Executed DbCommand (13ms) [Parameters=[@__p_1='?' (DbType = Int32), @__now_0='?' (DbType = DateTimeOffset)], CommandType='Text', CommandTimeout='30']
      SELECT TOP(@__p_1) [c].[Id], [c].[AttemptCount], [c].[CampaignId], [c].[ContactId], [c].[CreatedAt], [c].[LastError], [c].[LockedAt], [c].[LockedBy], [c].[NextAttemptAt], [c].[ProcessedAt], [c].[Status]
      FROM [CampaignQueueItems] AS [c]
      WHERE [c].[Status] = 1 OR ([c].[Status] = 3 AND [c].[NextAttemptAt] <= @__now_0)
      ORDER BY [c].[CreatedAt]
info: Microsoft.EntityFrameworkCore.Database.Command[20101]
      Executed DbCommand (15ms) [Parameters=[@__p_1='?' (DbType = Int32), @__now_0='?' (DbType = DateTimeOffset)], CommandType='Text', CommandTimeout='30']
      SELECT TOP(@__p_1) [c].[Id], [c].[AttemptCount], [c].[CampaignId], [c].[ContactId], [c].[CreatedAt], [c].[LastError], [c].[LockedAt], [c].[LockedBy], [c].[NextAttemptAt], [c].[ProcessedAt], [c].[Status]
      FROM [CampaignQueueItems] AS [c]
      WHERE [c].[Status] = 1 OR ([c].[Status] = 3 AND [c].[NextAttemptAt] <= @__now_0)
      ORDER BY [c].[CreatedAt]
info: Microsoft.EntityFrameworkCore.Database.Command[20101]
      Executed DbCommand (4ms) [Parameters=[@__p_1='?' (DbType = Int32), @__now_0='?' (DbType = DateTimeOffset)], CommandType='Text', CommandTimeout='30']
      SELECT TOP(@__p_1) [c].[Id], [c].[AttemptCount], [c].[CampaignId], [c].[ContactId], [c].[CreatedAt], [c].[LastError], [c].[LockedAt], [c].[LockedBy], [c].[NextAttemptAt], [c].[ProcessedAt], [c].[Status]
      FROM [CampaignQueueItems] AS [c]
      WHERE [c].[Status] = 1 OR ([c].[Status] = 3 AND [c].[NextAttemptAt] <= @__now_0)
      ORDER BY [c].[CreatedAt]
info: Microsoft.EntityFrameworkCore.Database.Command[20101]
      Executed DbCommand (21ms) [Parameters=[@__p_1='?' (DbType = Int32), @__now_0='?' (DbType = DateTimeOffset)], CommandType='Text', CommandTimeout='30']
      SELECT TOP(@__p_1) [c].[Id], [c].[AttemptCount], [c].[CampaignId], [c].[ContactId], [c].[CreatedAt], [c].[LastError], [c].[LockedAt], [c].[LockedBy], [c].[NextAttemptAt], [c].[ProcessedAt], [c].[Status]
      FROM [CampaignQueueItems] AS [c]
      WHERE [c].[Status] = 1 OR ([c].[Status] = 3 AND [c].[NextAttemptAt] <= @__now_0)
      ORDER BY [c].[CreatedAt]
info: Microsoft.EntityFrameworkCore.Database.Command[20101]
      Executed DbCommand (6ms) [Parameters=[@__p_1='?' (DbType = Int32), @__now_0='?' (DbType = DateTimeOffset)], CommandType='Text', CommandTimeout='30']
      SELECT TOP(@__p_1) [c].[Id], [c].[AttemptCount], [c].[CampaignId], [c].[ContactId], [c].[CreatedAt], [c].[LastError], [c].[LockedAt], [c].[LockedBy], [c].[NextAttemptAt], [c].[ProcessedAt], [c].[Status]
      FROM [CampaignQueueItems] AS [c]
      WHERE [c].[Status] = 1 OR ([c].[Status] = 3 AND [c].[NextAttemptAt] <= @__now_0)
      ORDER BY [c].[CreatedAt]
info: Microsoft.EntityFrameworkCore.Database.Command[20101]
      Executed DbCommand (20ms) [Parameters=[@__p_1='?' (DbType = Int32), @__now_0='?' (DbType = DateTimeOffset)], CommandType='Text', CommandTimeout='30']
      SELECT TOP(@__p_1) [c].[Id], [c].[AttemptCount], [c].[CampaignId], [c].[ContactId], [c].[CreatedAt], [c].[LastError], [c].[LockedAt], [c].[LockedBy], [c].[NextAttemptAt], [c].[ProcessedAt], [c].[Status]
      FROM [CampaignQueueItems] AS [c]
      WHERE [c].[Status] = 1 OR ([c].[Status] = 3 AND [c].[NextAttemptAt] <= @__now_0)
      ORDER BY [c].[CreatedAt]
info: Microsoft.EntityFrameworkCore.Database.Command[20101]
      Executed DbCommand (7ms) [Parameters=[@__p_1='?' (DbType = Int32), @__now_0='?' (DbType = DateTimeOffset)], CommandType='Text', CommandTimeout='30']
      SELECT TOP(@__p_1) [c].[Id], [c].[AttemptCount], [c].[CampaignId], [c].[ContactId], [c].[CreatedAt], [c].[LastError], [c].[LockedAt], [c].[LockedBy], [c].[NextAttemptAt], [c].[ProcessedAt], [c].[Status]
      FROM [CampaignQueueItems] AS [c]
      WHERE [c].[Status] = 1 OR ([c].[Status] = 3 AND [c].[NextAttemptAt] <= @__now_0)
      ORDER BY [c].[CreatedAt]
info: Microsoft.EntityFrameworkCore.Database.Command[20101]
      Executed DbCommand (16ms) [Parameters=[@__p_1='?' (DbType = Int32), @__now_0='?' (DbType = DateTimeOffset)], CommandType='Text', CommandTimeout='30']
      SELECT TOP(@__p_1) [c].[Id], [c].[AttemptCount], [c].[CampaignId], [c].[ContactId], [c].[CreatedAt], [c].[LastError], [c].[LockedAt], [c].[LockedBy], [c].[NextAttemptAt], [c].[ProcessedAt], [c].[Status]
      FROM [CampaignQueueItems] AS [c]
      WHERE [c].[Status] = 1 OR ([c].[Status] = 3 AND [c].[NextAttemptAt] <= @__now_0)
      ORDER BY [c].[CreatedAt]
info: Microsoft.EntityFrameworkCore.Database.Command[20101]
      Executed DbCommand (12ms) [Parameters=[@__p_1='?' (DbType = Int32), @__now_0='?' (DbType = DateTimeOffset)], CommandType='Text', CommandTimeout='30']
      SELECT TOP(@__p_1) [c].[Id], [c].[AttemptCount], [c].[CampaignId], [c].[ContactId], [c].[CreatedAt], [c].[LastError], [c].[LockedAt], [c].[LockedBy], [c].[NextAttemptAt], [c].[ProcessedAt], [c].[Status]
      FROM [CampaignQueueItems] AS [c]
      WHERE [c].[Status] = 1 OR ([c].[Status] = 3 AND [c].[NextAttemptAt] <= @__now_0)
      ORDER BY [c].[CreatedAt]
info: Microsoft.EntityFrameworkCore.Database.Command[20101]
      Executed DbCommand (7ms) [Parameters=[@__p_1='?' (DbType = Int32), @__now_0='?' (DbType = DateTimeOffset)], CommandType='Text', CommandTimeout='30']
      SELECT TOP(@__p_1) [c].[Id], [c].[AttemptCount], [c].[CampaignId], [c].[ContactId], [c].[CreatedAt], [c].[LastError], [c].[LockedAt], [c].[LockedBy], [c].[NextAttemptAt], [c].[ProcessedAt], [c].[Status]
      FROM [CampaignQueueItems] AS [c]
      WHERE [c].[Status] = 1 OR ([c].[Status] = 3 AND [c].[NextAttemptAt] <= @__now_0)
      ORDER BY [c].[CreatedAt]
info: Microsoft.EntityFrameworkCore.Database.Command[20101]
      Executed DbCommand (5ms) [Parameters=[@__p_1='?' (DbType = Int32), @__now_0='?' (DbType = DateTimeOffset)], CommandType='Text', CommandTimeout='30']
      SELECT TOP(@__p_1) [c].[Id], [c].[AttemptCount], [c].[CampaignId], [c].[ContactId], [c].[CreatedAt], [c].[LastError], [c].[LockedAt], [c].[LockedBy], [c].[NextAttemptAt], [c].[ProcessedAt], [c].[Status]
      FROM [CampaignQueueItems] AS [c]
      WHERE [c].[Status] = 1 OR ([c].[Status] = 3 AND [c].[NextAttemptAt] <= @__now_0)
      ORDER BY [c].[CreatedAt]
info: Microsoft.EntityFrameworkCore.Database.Command[20101]
      Executed DbCommand (20ms) [Parameters=[@__p_1='?' (DbType = Int32), @__now_0='?' (DbType = DateTimeOffset)], CommandType='Text', CommandTimeout='30']
      SELECT TOP(@__p_1) [c].[Id], [c].[AttemptCount], [c].[CampaignId], [c].[ContactId], [c].[CreatedAt], [c].[LastError], [c].[LockedAt], [c].[LockedBy], [c].[NextAttemptAt], [c].[ProcessedAt], [c].[Status]
      FROM [CampaignQueueItems] AS [c]
      WHERE [c].[Status] = 1 OR ([c].[Status] = 3 AND [c].[NextAttemptAt] <= @__now_0)
      ORDER BY [c].[CreatedAt]
info: Microsoft.EntityFrameworkCore.Database.Command[20101]
      Executed DbCommand (11ms) [Parameters=[@__p_1='?' (DbType = Int32), @__now_0='?' (DbType = DateTimeOffset)], CommandType='Text', CommandTimeout='30']
      SELECT TOP(@__p_1) [c].[Id], [c].[AttemptCount], [c].[CampaignId], [c].[ContactId], [c].[CreatedAt], [c].[LastError], [c].[LockedAt], [c].[LockedBy], [c].[NextAttemptAt], [c].[ProcessedAt], [c].[Status]
      FROM [CampaignQueueItems] AS [c]
      WHERE [c].[Status] = 1 OR ([c].[Status] = 3 AND [c].[NextAttemptAt] <= @__now_0)
      ORDER BY [c].[CreatedAt]
info: Microsoft.EntityFrameworkCore.Database.Command[20101]
      Executed DbCommand (11ms) [Parameters=[@__p_1='?' (DbType = Int32), @__now_0='?' (DbType = DateTimeOffset)], CommandType='Text', CommandTimeout='30']
      SELECT TOP(@__p_1) [c].[Id], [c].[AttemptCount], [c].[CampaignId], [c].[ContactId], [c].[CreatedAt], [c].[LastError], [c].[LockedAt], [c].[LockedBy], [c].[NextAttemptAt], [c].[ProcessedAt], [c].[Status]
      FROM [CampaignQueueItems] AS [c]
      WHERE [c].[Status] = 1 OR ([c].[Status] = 3 AND [c].[NextAttemptAt] <= @__now_0)
      ORDER BY [c].[CreatedAt]
info: Microsoft.EntityFrameworkCore.Database.Command[20101]
      Executed DbCommand (35ms) [Parameters=[@__p_1='?' (DbType = Int32), @__now_0='?' (DbType = DateTimeOffset)], CommandType='Text', CommandTimeout='30']
      SELECT TOP(@__p_1) [c].[Id], [c].[AttemptCount], [c].[CampaignId], [c].[ContactId], [c].[CreatedAt], [c].[LastError], [c].[LockedAt], [c].[LockedBy], [c].[NextAttemptAt], [c].[ProcessedAt], [c].[Status]
      FROM [CampaignQueueItems] AS [c]
      WHERE [c].[Status] = 1 OR ([c].[Status] = 3 AND [c].[NextAttemptAt] <= @__now_0)
      ORDER BY [c].[CreatedAt]
info: Microsoft.EntityFrameworkCore.Database.Command[20101]
      Executed DbCommand (323ms) [Parameters=[@__p_1='?' (DbType = Int32), @__now_0='?' (DbType = DateTimeOffset)], CommandType='Text', CommandTimeout='30']
      SELECT TOP(@__p_1) [c].[Id], [c].[AttemptCount], [c].[CampaignId], [c].[ContactId], [c].[CreatedAt], [c].[LastError], [c].[LockedAt], [c].[LockedBy], [c].[NextAttemptAt], [c].[ProcessedAt], [c].[Status]
      FROM [CampaignQueueItems] AS [c]
      WHERE [c].[Status] = 1 OR ([c].[Status] = 3 AND [c].[NextAttemptAt] <= @__now_0)
      ORDER BY [c].[CreatedAt]
info: Microsoft.EntityFrameworkCore.Database.Command[20101]
      Executed DbCommand (6ms) [Parameters=[@__p_1='?' (DbType = Int32), @__now_0='?' (DbType = DateTimeOffset)], CommandType='Text', CommandTimeout='30']
      SELECT TOP(@__p_1) [c].[Id], [c].[AttemptCount], [c].[CampaignId], [c].[ContactId], [c].[CreatedAt], [c].[LastError], [c].[LockedAt], [c].[LockedBy], [c].[NextAttemptAt], [c].[ProcessedAt], [c].[Status]
      FROM [CampaignQueueItems] AS [c]
      WHERE [c].[Status] = 1 OR ([c].[Status] = 3 AND [c].[NextAttemptAt] <= @__now_0)
      ORDER BY [c].[CreatedAt]
info: Microsoft.EntityFrameworkCore.Database.Command[20101]
      Executed DbCommand (43ms) [Parameters=[@__p_1='?' (DbType = Int32), @__now_0='?' (DbType = DateTimeOffset)], CommandType='Text', CommandTimeout='30']
      SELECT TOP(@__p_1) [c].[Id], [c].[AttemptCount], [c].[CampaignId], [c].[ContactId], [c].[CreatedAt], [c].[LastError], [c].[LockedAt], [c].[LockedBy], [c].[NextAttemptAt], [c].[ProcessedAt], [c].[Status]
      FROM [CampaignQueueItems] AS [c]
      WHERE [c].[Status] = 1 OR ([c].[Status] = 3 AND [c].[NextAttemptAt] <= @__now_0)
      ORDER BY [c].[CreatedAt]
info: Microsoft.EntityFrameworkCore.Database.Command[20101]
      Executed DbCommand (27ms) [Parameters=[@__p_1='?' (DbType = Int32), @__now_0='?' (DbType = DateTimeOffset)], CommandType='Text', CommandTimeout='30']
      SELECT TOP(@__p_1) [c].[Id], [c].[AttemptCount], [c].[CampaignId], [c].[ContactId], [c].[CreatedAt], [c].[LastError], [c].[LockedAt], [c].[LockedBy], [c].[NextAttemptAt], [c].[ProcessedAt], [c].[Status]
      FROM [CampaignQueueItems] AS [c]
      WHERE [c].[Status] = 1 OR ([c].[Status] = 3 AND [c].[NextAttemptAt] <= @__now_0)
      ORDER BY [c].[CreatedAt]
info: Microsoft.EntityFrameworkCore.Database.Command[20101]
      Executed DbCommand (7ms) [Parameters=[@__p_1='?' (DbType = Int32), @__now_0='?' (DbType = DateTimeOffset)], CommandType='Text', CommandTimeout='30']
      SELECT TOP(@__p_1) [c].[Id], [c].[AttemptCount], [c].[CampaignId], [c].[ContactId], [c].[CreatedAt], [c].[LastError], [c].[LockedAt], [c].[LockedBy], [c].[NextAttemptAt], [c].[ProcessedAt], [c].[Status]
      FROM [CampaignQueueItems] AS [c]
      WHERE [c].[Status] = 1 OR ([c].[Status] = 3 AND [c].[NextAttemptAt] <= @__now_0)
      ORDER BY [c].[CreatedAt]
info: Microsoft.EntityFrameworkCore.Database.Command[20101]
      Executed DbCommand (19ms) [Parameters=[@__p_1='?' (DbType = Int32), @__now_0='?' (DbType = DateTimeOffset)], CommandType='Text', CommandTimeout='30']
      SELECT TOP(@__p_1) [c].[Id], [c].[AttemptCount], [c].[CampaignId], [c].[ContactId], [c].[CreatedAt], [c].[LastError], [c].[LockedAt], [c].[LockedBy], [c].[NextAttemptAt], [c].[ProcessedAt], [c].[Status]
      FROM [CampaignQueueItems] AS [c]
      WHERE [c].[Status] = 1 OR ([c].[Status] = 3 AND [c].[NextAttemptAt] <= @__now_0)
      ORDER BY [c].[CreatedAt]
info: Microsoft.EntityFrameworkCore.Database.Command[20101]
      Executed DbCommand (28ms) [Parameters=[@__p_1='?' (DbType = Int32), @__now_0='?' (DbType = DateTimeOffset)], CommandType='Text', CommandTimeout='30']
      SELECT TOP(@__p_1) [c].[Id], [c].[AttemptCount], [c].[CampaignId], [c].[ContactId], [c].[CreatedAt], [c].[LastError], [c].[LockedAt], [c].[LockedBy], [c].[NextAttemptAt], [c].[ProcessedAt], [c].[Status]
      FROM [CampaignQueueItems] AS [c]
      WHERE [c].[Status] = 1 OR ([c].[Status] = 3 AND [c].[NextAttemptAt] <= @__now_0)
      ORDER BY [c].[CreatedAt]
info: Microsoft.EntityFrameworkCore.Database.Command[20101]
      Executed DbCommand (6ms) [Parameters=[@__p_1='?' (DbType = Int32), @__now_0='?' (DbType = DateTimeOffset)], CommandType='Text', CommandTimeout='30']
      SELECT TOP(@__p_1) [c].[Id], [c].[AttemptCount], [c].[CampaignId], [c].[ContactId], [c].[CreatedAt], [c].[LastError], [c].[LockedAt], [c].[LockedBy], [c].[NextAttemptAt], [c].[ProcessedAt], [c].[Status]
      FROM [CampaignQueueItems] AS [c]
      WHERE [c].[Status] = 1 OR ([c].[Status] = 3 AND [c].[NextAttemptAt] <= @__now_0)
      ORDER BY [c].[CreatedAt]
info: Microsoft.EntityFrameworkCore.Database.Command[20101]
      Executed DbCommand (21ms) [Parameters=[@__p_1='?' (DbType = Int32), @__now_0='?' (DbType = DateTimeOffset)], CommandType='Text', CommandTimeout='30']
      SELECT TOP(@__p_1) [c].[Id], [c].[AttemptCount], [c].[CampaignId], [c].[ContactId], [c].[CreatedAt], [c].[LastError], [c].[LockedAt], [c].[LockedBy], [c].[NextAttemptAt], [c].[ProcessedAt], [c].[Status]
      FROM [CampaignQueueItems] AS [c]
      WHERE [c].[Status] = 1 OR ([c].[Status] = 3 AND [c].[NextAttemptAt] <= @__now_0)
      ORDER BY [c].[CreatedAt]
info: Microsoft.EntityFrameworkCore.Database.Command[20101]
      Executed DbCommand (11ms) [Parameters=[@__p_1='?' (DbType = Int32), @__now_0='?' (DbType = DateTimeOffset)], CommandType='Text', CommandTimeout='30']
      SELECT TOP(@__p_1) [c].[Id], [c].[AttemptCount], [c].[CampaignId], [c].[ContactId], [c].[CreatedAt], [c].[LastError], [c].[LockedAt], [c].[LockedBy], [c].[NextAttemptAt], [c].[ProcessedAt], [c].[Status]
      FROM [CampaignQueueItems] AS [c]
      WHERE [c].[Status] = 1 OR ([c].[Status] = 3 AND [c].[NextAttemptAt] <= @__now_0)
      ORDER BY [c].[CreatedAt]
info: Microsoft.EntityFrameworkCore.Database.Command[20101]
      Executed DbCommand (9ms) [Parameters=[@__p_1='?' (DbType = Int32), @__now_0='?' (DbType = DateTimeOffset)], CommandType='Text', CommandTimeout='30']
      SELECT TOP(@__p_1) [c].[Id], [c].[AttemptCount], [c].[CampaignId], [c].[ContactId], [c].[CreatedAt], [c].[LastError], [c].[LockedAt], [c].[LockedBy], [c].[NextAttemptAt], [c].[ProcessedAt], [c].[Status]
      FROM [CampaignQueueItems] AS [c]
      WHERE [c].[Status] = 1 OR ([c].[Status] = 3 AND [c].[NextAttemptAt] <= @__now_0)
      ORDER BY [c].[CreatedAt]
info: Microsoft.EntityFrameworkCore.Database.Command[20101]
      Executed DbCommand (8ms) [Parameters=[@__p_1='?' (DbType = Int32), @__now_0='?' (DbType = DateTimeOffset)], CommandType='Text', CommandTimeout='30']
      SELECT TOP(@__p_1) [c].[Id], [c].[AttemptCount], [c].[CampaignId], [c].[ContactId], [c].[CreatedAt], [c].[LastError], [c].[LockedAt], [c].[LockedBy], [c].[NextAttemptAt], [c].[ProcessedAt], [c].[Status]
      FROM [CampaignQueueItems] AS [c]
      WHERE [c].[Status] = 1 OR ([c].[Status] = 3 AND [c].[NextAttemptAt] <= @__now_0)
      ORDER BY [c].[CreatedAt]
info: Microsoft.EntityFrameworkCore.Database.Command[20101]
      Executed DbCommand (5ms) [Parameters=[@__p_1='?' (DbType = Int32), @__now_0='?' (DbType = DateTimeOffset)], CommandType='Text', CommandTimeout='30']
      SELECT TOP(@__p_1) [c].[Id], [c].[AttemptCount], [c].[CampaignId], [c].[ContactId], [c].[CreatedAt], [c].[LastError], [c].[LockedAt], [c].[LockedBy], [c].[NextAttemptAt], [c].[ProcessedAt], [c].[Status]
      FROM [CampaignQueueItems] AS [c]
      WHERE [c].[Status] = 1 OR ([c].[Status] = 3 AND [c].[NextAttemptAt] <= @__now_0)
      ORDER BY [c].[CreatedAt]
info: Microsoft.EntityFrameworkCore.Database.Command[20101]
      Executed DbCommand (13ms) [Parameters=[@__p_1='?' (DbType = Int32), @__now_0='?' (DbType = DateTimeOffset)], CommandType='Text', CommandTimeout='30']
      SELECT TOP(@__p_1) [c].[Id], [c].[AttemptCount], [c].[CampaignId], [c].[ContactId], [c].[CreatedAt], [c].[LastError], [c].[LockedAt], [c].[LockedBy], [c].[NextAttemptAt], [c].[ProcessedAt], [c].[Status]
      FROM [CampaignQueueItems] AS [c]
      WHERE [c].[Status] = 1 OR ([c].[Status] = 3 AND [c].[NextAttemptAt] <= @__now_0)
      ORDER BY [c].[CreatedAt]
info: Microsoft.EntityFrameworkCore.Database.Command[20101]
      Executed DbCommand (8ms) [Parameters=[@__p_1='?' (DbType = Int32), @__now_0='?' (DbType = DateTimeOffset)], CommandType='Text', CommandTimeout='30']
      SELECT TOP(@__p_1) [c].[Id], [c].[AttemptCount], [c].[CampaignId], [c].[ContactId], [c].[CreatedAt], [c].[LastError], [c].[LockedAt], [c].[LockedBy], [c].[NextAttemptAt], [c].[ProcessedAt], [c].[Status]
      FROM [CampaignQueueItems] AS [c]
      WHERE [c].[Status] = 1 OR ([c].[Status] = 3 AND [c].[NextAttemptAt] <= @__now_0)
      ORDER BY [c].[CreatedAt]
info: Microsoft.EntityFrameworkCore.Database.Command[20101]
      Executed DbCommand (57ms) [Parameters=[@__p_1='?' (DbType = Int32), @__now_0='?' (DbType = DateTimeOffset)], CommandType='Text', CommandTimeout='30']
      SELECT TOP(@__p_1) [c].[Id], [c].[AttemptCount], [c].[CampaignId], [c].[ContactId], [c].[CreatedAt], [c].[LastError], [c].[LockedAt], [c].[LockedBy], [c].[NextAttemptAt], [c].[ProcessedAt], [c].[Status]
      FROM [CampaignQueueItems] AS [c]
      WHERE [c].[Status] = 1 OR ([c].[Status] = 3 AND [c].[NextAttemptAt] <= @__now_0)
      ORDER BY [c].[CreatedAt]
info: Microsoft.EntityFrameworkCore.Database.Command[20101]
      Executed DbCommand (14ms) [Parameters=[@__p_1='?' (DbType = Int32), @__now_0='?' (DbType = DateTimeOffset)], CommandType='Text', CommandTimeout='30']
      SELECT TOP(@__p_1) [c].[Id], [c].[AttemptCount], [c].[CampaignId], [c].[ContactId], [c].[CreatedAt], [c].[LastError], [c].[LockedAt], [c].[LockedBy], [c].[NextAttemptAt], [c].[ProcessedAt], [c].[Status]
      FROM [CampaignQueueItems] AS [c]
      WHERE [c].[Status] = 1 OR ([c].[Status] = 3 AND [c].[NextAttemptAt] <= @__now_0)
      ORDER BY [c].[CreatedAt]
info: Microsoft.EntityFrameworkCore.Database.Command[20101]
      Executed DbCommand (12ms) [Parameters=[@__p_1='?' (DbType = Int32), @__now_0='?' (DbType = DateTimeOffset)], CommandType='Text', CommandTimeout='30']
      SELECT TOP(@__p_1) [c].[Id], [c].[AttemptCount], [c].[CampaignId], [c].[ContactId], [c].[CreatedAt], [c].[LastError], [c].[LockedAt], [c].[LockedBy], [c].[NextAttemptAt], [c].[ProcessedAt], [c].[Status]
      FROM [CampaignQueueItems] AS [c]
      WHERE [c].[Status] = 1 OR ([c].[Status] = 3 AND [c].[NextAttemptAt] <= @__now_0)
      ORDER BY [c].[CreatedAt]
info: Microsoft.EntityFrameworkCore.Database.Command[20101]
      Executed DbCommand (9ms) [Parameters=[@__p_1='?' (DbType = Int32), @__now_0='?' (DbType = DateTimeOffset)], CommandType='Text', CommandTimeout='30']
      SELECT TOP(@__p_1) [c].[Id], [c].[AttemptCount], [c].[CampaignId], [c].[ContactId], [c].[CreatedAt], [c].[LastError], [c].[LockedAt], [c].[LockedBy], [c].[NextAttemptAt], [c].[ProcessedAt], [c].[Status]
      FROM [CampaignQueueItems] AS [c]
      WHERE [c].[Status] = 1 OR ([c].[Status] = 3 AND [c].[NextAttemptAt] <= @__now_0)
      ORDER BY [c].[CreatedAt]
info: Microsoft.EntityFrameworkCore.Database.Command[20101]
      Executed DbCommand (17ms) [Parameters=[@__p_1='?' (DbType = Int32), @__now_0='?' (DbType = DateTimeOffset)], CommandType='Text', CommandTimeout='30']
      SELECT TOP(@__p_1) [c].[Id], [c].[AttemptCount], [c].[CampaignId], [c].[ContactId], [c].[CreatedAt], [c].[LastError], [c].[LockedAt], [c].[LockedBy], [c].[NextAttemptAt], [c].[ProcessedAt], [c].[Status]
      FROM [CampaignQueueItems] AS [c]
      WHERE [c].[Status] = 1 OR ([c].[Status] = 3 AND [c].[NextAttemptAt] <= @__now_0)
      ORDER BY [c].[CreatedAt]
info: Microsoft.EntityFrameworkCore.Database.Command[20101]
      Executed DbCommand (12ms) [Parameters=[@__p_1='?' (DbType = Int32), @__now_0='?' (DbType = DateTimeOffset)], CommandType='Text', CommandTimeout='30']
      SELECT TOP(@__p_1) [c].[Id], [c].[AttemptCount], [c].[CampaignId], [c].[ContactId], [c].[CreatedAt], [c].[LastError], [c].[LockedAt], [c].[LockedBy], [c].[NextAttemptAt], [c].[ProcessedAt], [c].[Status]
      FROM [CampaignQueueItems] AS [c]
      WHERE [c].[Status] = 1 OR ([c].[Status] = 3 AND [c].[NextAttemptAt] <= @__now_0)
      ORDER BY [c].[CreatedAt]
info: Microsoft.EntityFrameworkCore.Database.Command[20101]
      Executed DbCommand (7ms) [Parameters=[@__p_1='?' (DbType = Int32), @__now_0='?' (DbType = DateTimeOffset)], CommandType='Text', CommandTimeout='30']
      SELECT TOP(@__p_1) [c].[Id], [c].[AttemptCount], [c].[CampaignId], [c].[ContactId], [c].[CreatedAt], [c].[LastError], [c].[LockedAt], [c].[LockedBy], [c].[NextAttemptAt], [c].[ProcessedAt], [c].[Status]
      FROM [CampaignQueueItems] AS [c]
      WHERE [c].[Status] = 1 OR ([c].[Status] = 3 AND [c].[NextAttemptAt] <= @__now_0)
      ORDER BY [c].[CreatedAt]
info: Microsoft.EntityFrameworkCore.Database.Command[20101]
      Executed DbCommand (27ms) [Parameters=[@__p_1='?' (DbType = Int32), @__now_0='?' (DbType = DateTimeOffset)], CommandType='Text', CommandTimeout='30']
      SELECT TOP(@__p_1) [c].[Id], [c].[AttemptCount], [c].[CampaignId], [c].[ContactId], [c].[CreatedAt], [c].[LastError], [c].[LockedAt], [c].[LockedBy], [c].[NextAttemptAt], [c].[ProcessedAt], [c].[Status]
      FROM [CampaignQueueItems] AS [c]
      WHERE [c].[Status] = 1 OR ([c].[Status] = 3 AND [c].[NextAttemptAt] <= @__now_0)
      ORDER BY [c].[CreatedAt]
info: Microsoft.EntityFrameworkCore.Database.Command[20101]
      Executed DbCommand (50ms) [Parameters=[@__p_1='?' (DbType = Int32), @__now_0='?' (DbType = DateTimeOffset)], CommandType='Text', CommandTimeout='30']
      SELECT TOP(@__p_1) [c].[Id], [c].[AttemptCount], [c].[CampaignId], [c].[ContactId], [c].[CreatedAt], [c].[LastError], [c].[LockedAt], [c].[LockedBy], [c].[NextAttemptAt], [c].[ProcessedAt], [c].[Status]
      FROM [CampaignQueueItems] AS [c]
      WHERE [c].[Status] = 1 OR ([c].[Status] = 3 AND [c].[NextAttemptAt] <= @__now_0)
      ORDER BY [c].[CreatedAt]
info: Microsoft.EntityFrameworkCore.Database.Command[20101]
      Executed DbCommand (17ms) [Parameters=[@__p_1='?' (DbType = Int32), @__now_0='?' (DbType = DateTimeOffset)], CommandType='Text', CommandTimeout='30']
      SELECT TOP(@__p_1) [c].[Id], [c].[AttemptCount], [c].[CampaignId], [c].[ContactId], [c].[CreatedAt], [c].[LastError], [c].[LockedAt], [c].[LockedBy], [c].[NextAttemptAt], [c].[ProcessedAt], [c].[Status]
      FROM [CampaignQueueItems] AS [c]
      WHERE [c].[Status] = 1 OR ([c].[Status] = 3 AND [c].[NextAttemptAt] <= @__now_0)
      ORDER BY [c].[CreatedAt]
info: Microsoft.EntityFrameworkCore.Database.Command[20101]
      Executed DbCommand (7ms) [Parameters=[@__p_1='?' (DbType = Int32), @__now_0='?' (DbType = DateTimeOffset)], CommandType='Text', CommandTimeout='30']
      SELECT TOP(@__p_1) [c].[Id], [c].[AttemptCount], [c].[CampaignId], [c].[ContactId], [c].[CreatedAt], [c].[LastError], [c].[LockedAt], [c].[LockedBy], [c].[NextAttemptAt], [c].[ProcessedAt], [c].[Status]
      FROM [CampaignQueueItems] AS [c]
      WHERE [c].[Status] = 1 OR ([c].[Status] = 3 AND [c].[NextAttemptAt] <= @__now_0)
      ORDER BY [c].[CreatedAt]
info: Microsoft.EntityFrameworkCore.Database.Command[20101]
      Executed DbCommand (15ms) [Parameters=[@__p_1='?' (DbType = Int32), @__now_0='?' (DbType = DateTimeOffset)], CommandType='Text', CommandTimeout='30']
      SELECT TOP(@__p_1) [c].[Id], [c].[AttemptCount], [c].[CampaignId], [c].[ContactId], [c].[CreatedAt], [c].[LastError], [c].[LockedAt], [c].[LockedBy], [c].[NextAttemptAt], [c].[ProcessedAt], [c].[Status]
      FROM [CampaignQueueItems] AS [c]
      WHERE [c].[Status] = 1 OR ([c].[Status] = 3 AND [c].[NextAttemptAt] <= @__now_0)
      ORDER BY [c].[CreatedAt]
info: Microsoft.EntityFrameworkCore.Database.Command[20101]
      Executed DbCommand (9ms) [Parameters=[@__p_1='?' (DbType = Int32), @__now_0='?' (DbType = DateTimeOffset)], CommandType='Text', CommandTimeout='30']
      SELECT TOP(@__p_1) [c].[Id], [c].[AttemptCount], [c].[CampaignId], [c].[ContactId], [c].[CreatedAt], [c].[LastError], [c].[LockedAt], [c].[LockedBy], [c].[NextAttemptAt], [c].[ProcessedAt], [c].[Status]
      FROM [CampaignQueueItems] AS [c]
      WHERE [c].[Status] = 1 OR ([c].[Status] = 3 AND [c].[NextAttemptAt] <= @__now_0)
      ORDER BY [c].[CreatedAt]
info: Microsoft.EntityFrameworkCore.Database.Command[20101]
      Executed DbCommand (8ms) [Parameters=[@__p_1='?' (DbType = Int32), @__now_0='?' (DbType = DateTimeOffset)], CommandType='Text', CommandTimeout='30']
      SELECT TOP(@__p_1) [c].[Id], [c].[AttemptCount], [c].[CampaignId], [c].[ContactId], [c].[CreatedAt], [c].[LastError], [c].[LockedAt], [c].[LockedBy], [c].[NextAttemptAt], [c].[ProcessedAt], [c].[Status]
      FROM [CampaignQueueItems] AS [c]
      WHERE [c].[Status] = 1 OR ([c].[Status] = 3 AND [c].[NextAttemptAt] <= @__now_0)
      ORDER BY [c].[CreatedAt]
info: Microsoft.EntityFrameworkCore.Database.Command[20101]
      Executed DbCommand (16ms) [Parameters=[@__p_1='?' (DbType = Int32), @__now_0='?' (DbType = DateTimeOffset)], CommandType='Text', CommandTimeout='30']
      SELECT TOP(@__p_1) [c].[Id], [c].[AttemptCount], [c].[CampaignId], [c].[ContactId], [c].[CreatedAt], [c].[LastError], [c].[LockedAt], [c].[LockedBy], [c].[NextAttemptAt], [c].[ProcessedAt], [c].[Status]
      FROM [CampaignQueueItems] AS [c]
      WHERE [c].[Status] = 1 OR ([c].[Status] = 3 AND [c].[NextAttemptAt] <= @__now_0)
      ORDER BY [c].[CreatedAt]
info: Microsoft.EntityFrameworkCore.Database.Command[20101]
      Executed DbCommand (6ms) [Parameters=[@__p_1='?' (DbType = Int32), @__now_0='?' (DbType = DateTimeOffset)], CommandType='Text', CommandTimeout='30']
      SELECT TOP(@__p_1) [c].[Id], [c].[AttemptCount], [c].[CampaignId], [c].[ContactId], [c].[CreatedAt], [c].[LastError], [c].[LockedAt], [c].[LockedBy], [c].[NextAttemptAt], [c].[ProcessedAt], [c].[Status]
      FROM [CampaignQueueItems] AS [c]
      WHERE [c].[Status] = 1 OR ([c].[Status] = 3 AND [c].[NextAttemptAt] <= @__now_0)
      ORDER BY [c].[CreatedAt]
info: Microsoft.EntityFrameworkCore.Database.Command[20101]
      Executed DbCommand (23ms) [Parameters=[@__p_1='?' (DbType = Int32), @__now_0='?' (DbType = DateTimeOffset)], CommandType='Text', CommandTimeout='30']
      SELECT TOP(@__p_1) [c].[Id], [c].[AttemptCount], [c].[CampaignId], [c].[ContactId], [c].[CreatedAt], [c].[LastError], [c].[LockedAt], [c].[LockedBy], [c].[NextAttemptAt], [c].[ProcessedAt], [c].[Status]
      FROM [CampaignQueueItems] AS [c]
      WHERE [c].[Status] = 1 OR ([c].[Status] = 3 AND [c].[NextAttemptAt] <= @__now_0)
      ORDER BY [c].[CreatedAt]
info: Microsoft.EntityFrameworkCore.Database.Command[20101]
      Executed DbCommand (7ms) [Parameters=[@__p_1='?' (DbType = Int32), @__now_0='?' (DbType = DateTimeOffset)], CommandType='Text', CommandTimeout='30']
      SELECT TOP(@__p_1) [c].[Id], [c].[AttemptCount], [c].[CampaignId], [c].[ContactId], [c].[CreatedAt], [c].[LastError], [c].[LockedAt], [c].[LockedBy], [c].[NextAttemptAt], [c].[ProcessedAt], [c].[Status]
      FROM [CampaignQueueItems] AS [c]
      WHERE [c].[Status] = 1 OR ([c].[Status] = 3 AND [c].[NextAttemptAt] <= @__now_0)
      ORDER BY [c].[CreatedAt]
info: Microsoft.EntityFrameworkCore.Database.Command[20101]
      Executed DbCommand (8ms) [Parameters=[@__p_1='?' (DbType = Int32), @__now_0='?' (DbType = DateTimeOffset)], CommandType='Text', CommandTimeout='30']
      SELECT TOP(@__p_1) [c].[Id], [c].[AttemptCount], [c].[CampaignId], [c].[ContactId], [c].[CreatedAt], [c].[LastError], [c].[LockedAt], [c].[LockedBy], [c].[NextAttemptAt], [c].[ProcessedAt], [c].[Status]
      FROM [CampaignQueueItems] AS [c]
      WHERE [c].[Status] = 1 OR ([c].[Status] = 3 AND [c].[NextAttemptAt] <= @__now_0)
      ORDER BY [c].[CreatedAt]
info: Microsoft.EntityFrameworkCore.Database.Command[20101]
      Executed DbCommand (5ms) [Parameters=[@__p_1='?' (DbType = Int32), @__now_0='?' (DbType = DateTimeOffset)], CommandType='Text', CommandTimeout='30']
      SELECT TOP(@__p_1) [c].[Id], [c].[AttemptCount], [c].[CampaignId], [c].[ContactId], [c].[CreatedAt], [c].[LastError], [c].[LockedAt], [c].[LockedBy], [c].[NextAttemptAt], [c].[ProcessedAt], [c].[Status]
      FROM [CampaignQueueItems] AS [c]
      WHERE [c].[Status] = 1 OR ([c].[Status] = 3 AND [c].[NextAttemptAt] <= @__now_0)
      ORDER BY [c].[CreatedAt]
info: Microsoft.EntityFrameworkCore.Database.Command[20101]
      Executed DbCommand (14ms) [Parameters=[@__p_1='?' (DbType = Int32), @__now_0='?' (DbType = DateTimeOffset)], CommandType='Text', CommandTimeout='30']
      SELECT TOP(@__p_1) [c].[Id], [c].[AttemptCount], [c].[CampaignId], [c].[ContactId], [c].[CreatedAt], [c].[LastError], [c].[LockedAt], [c].[LockedBy], [c].[NextAttemptAt], [c].[ProcessedAt], [c].[Status]
      FROM [CampaignQueueItems] AS [c]
      WHERE [c].[Status] = 1 OR ([c].[Status] = 3 AND [c].[NextAttemptAt] <= @__now_0)
      ORDER BY [c].[CreatedAt]
info: Microsoft.EntityFrameworkCore.Database.Command[20101]
      Executed DbCommand (6ms) [Parameters=[@__p_1='?' (DbType = Int32), @__now_0='?' (DbType = DateTimeOffset)], CommandType='Text', CommandTimeout='30']
      SELECT TOP(@__p_1) [c].[Id], [c].[AttemptCount], [c].[CampaignId], [c].[ContactId], [c].[CreatedAt], [c].[LastError], [c].[LockedAt], [c].[LockedBy], [c].[NextAttemptAt], [c].[ProcessedAt], [c].[Status]
      FROM [CampaignQueueItems] AS [c]
      WHERE [c].[Status] = 1 OR ([c].[Status] = 3 AND [c].[NextAttemptAt] <= @__now_0)
      ORDER BY [c].[CreatedAt]
info: Microsoft.EntityFrameworkCore.Database.Command[20101]
      Executed DbCommand (44ms) [Parameters=[@__p_1='?' (DbType = Int32), @__now_0='?' (DbType = DateTimeOffset)], CommandType='Text', CommandTimeout='30']
      SELECT TOP(@__p_1) [c].[Id], [c].[AttemptCount], [c].[CampaignId], [c].[ContactId], [c].[CreatedAt], [c].[LastError], [c].[LockedAt], [c].[LockedBy], [c].[NextAttemptAt], [c].[ProcessedAt], [c].[Status]
      FROM [CampaignQueueItems] AS [c]
      WHERE [c].[Status] = 1 OR ([c].[Status] = 3 AND [c].[NextAttemptAt] <= @__now_0)
      ORDER BY [c].[CreatedAt]
info: Microsoft.EntityFrameworkCore.Database.Command[20101]
      Executed DbCommand (7ms) [Parameters=[@__p_1='?' (DbType = Int32), @__now_0='?' (DbType = DateTimeOffset)], CommandType='Text', CommandTimeout='30']
      SELECT TOP(@__p_1) [c].[Id], [c].[AttemptCount], [c].[CampaignId], [c].[ContactId], [c].[CreatedAt], [c].[LastError], [c].[LockedAt], [c].[LockedBy], [c].[NextAttemptAt], [c].[ProcessedAt], [c].[Status]
      FROM [CampaignQueueItems] AS [c]
      WHERE [c].[Status] = 1 OR ([c].[Status] = 3 AND [c].[NextAttemptAt] <= @__now_0)
      ORDER BY [c].[CreatedAt]
info: Microsoft.EntityFrameworkCore.Database.Command[20101]
      Executed DbCommand (9ms) [Parameters=[@__p_1='?' (DbType = Int32), @__now_0='?' (DbType = DateTimeOffset)], CommandType='Text', CommandTimeout='30']
      SELECT TOP(@__p_1) [c].[Id], [c].[AttemptCount], [c].[CampaignId], [c].[ContactId], [c].[CreatedAt], [c].[LastError], [c].[LockedAt], [c].[LockedBy], [c].[NextAttemptAt], [c].[ProcessedAt], [c].[Status]
      FROM [CampaignQueueItems] AS [c]
      WHERE [c].[Status] = 1 OR ([c].[Status] = 3 AND [c].[NextAttemptAt] <= @__now_0)
      ORDER BY [c].[CreatedAt]
info: Microsoft.EntityFrameworkCore.Database.Command[20101]
      Executed DbCommand (9ms) [Parameters=[@__p_1='?' (DbType = Int32), @__now_0='?' (DbType = DateTimeOffset)], CommandType='Text', CommandTimeout='30']
      SELECT TOP(@__p_1) [c].[Id], [c].[AttemptCount], [c].[CampaignId], [c].[ContactId], [c].[CreatedAt], [c].[LastError], [c].[LockedAt], [c].[LockedBy], [c].[NextAttemptAt], [c].[ProcessedAt], [c].[Status]
      FROM [CampaignQueueItems] AS [c]
      WHERE [c].[Status] = 1 OR ([c].[Status] = 3 AND [c].[NextAttemptAt] <= @__now_0)
      ORDER BY [c].[CreatedAt]
info: Microsoft.EntityFrameworkCore.Database.Command[20101]
      Executed DbCommand (16ms) [Parameters=[@__p_1='?' (DbType = Int32), @__now_0='?' (DbType = DateTimeOffset)], CommandType='Text', CommandTimeout='30']
      SELECT TOP(@__p_1) [c].[Id], [c].[AttemptCount], [c].[CampaignId], [c].[ContactId], [c].[CreatedAt], [c].[LastError], [c].[LockedAt], [c].[LockedBy], [c].[NextAttemptAt], [c].[ProcessedAt], [c].[Status]
      FROM [CampaignQueueItems] AS [c]
      WHERE [c].[Status] = 1 OR ([c].[Status] = 3 AND [c].[NextAttemptAt] <= @__now_0)
      ORDER BY [c].[CreatedAt]
info: Microsoft.EntityFrameworkCore.Database.Command[20101]
      Executed DbCommand (12ms) [Parameters=[@__p_1='?' (DbType = Int32), @__now_0='?' (DbType = DateTimeOffset)], CommandType='Text', CommandTimeout='30']
      SELECT TOP(@__p_1) [c].[Id], [c].[AttemptCount], [c].[CampaignId], [c].[ContactId], [c].[CreatedAt], [c].[LastError], [c].[LockedAt], [c].[LockedBy], [c].[NextAttemptAt], [c].[ProcessedAt], [c].[Status]
      FROM [CampaignQueueItems] AS [c]
      WHERE [c].[Status] = 1 OR ([c].[Status] = 3 AND [c].[NextAttemptAt] <= @__now_0)
      ORDER BY [c].[CreatedAt]
info: Microsoft.EntityFrameworkCore.Database.Command[20101]
      Executed DbCommand (9ms) [Parameters=[@__p_1='?' (DbType = Int32), @__now_0='?' (DbType = DateTimeOffset)], CommandType='Text', CommandTimeout='30']
      SELECT TOP(@__p_1) [c].[Id], [c].[AttemptCount], [c].[CampaignId], [c].[ContactId], [c].[CreatedAt], [c].[LastError], [c].[LockedAt], [c].[LockedBy], [c].[NextAttemptAt], [c].[ProcessedAt], [c].[Status]
      FROM [CampaignQueueItems] AS [c]
      WHERE [c].[Status] = 1 OR ([c].[Status] = 3 AND [c].[NextAttemptAt] <= @__now_0)
      ORDER BY [c].[CreatedAt]
info: Microsoft.EntityFrameworkCore.Database.Command[20101]
      Executed DbCommand (9ms) [Parameters=[@__p_1='?' (DbType = Int32), @__now_0='?' (DbType = DateTimeOffset)], CommandType='Text', CommandTimeout='30']
      SELECT TOP(@__p_1) [c].[Id], [c].[AttemptCount], [c].[CampaignId], [c].[ContactId], [c].[CreatedAt], [c].[LastError], [c].[LockedAt], [c].[LockedBy], [c].[NextAttemptAt], [c].[ProcessedAt], [c].[Status]
      FROM [CampaignQueueItems] AS [c]
      WHERE [c].[Status] = 1 OR ([c].[Status] = 3 AND [c].[NextAttemptAt] <= @__now_0)
      ORDER BY [c].[CreatedAt]
info: Microsoft.EntityFrameworkCore.Database.Command[20101]
      Executed DbCommand (8ms) [Parameters=[@__p_1='?' (DbType = Int32), @__now_0='?' (DbType = DateTimeOffset)], CommandType='Text', CommandTimeout='30']
      SELECT TOP(@__p_1) [c].[Id], [c].[AttemptCount], [c].[CampaignId], [c].[ContactId], [c].[CreatedAt], [c].[LastError], [c].[LockedAt], [c].[LockedBy], [c].[NextAttemptAt], [c].[ProcessedAt], [c].[Status]
      FROM [CampaignQueueItems] AS [c]
      WHERE [c].[Status] = 1 OR ([c].[Status] = 3 AND [c].[NextAttemptAt] <= @__now_0)
      ORDER BY [c].[CreatedAt]
info: Microsoft.EntityFrameworkCore.Database.Command[20101]
      Executed DbCommand (48ms) [Parameters=[@__p_1='?' (DbType = Int32), @__now_0='?' (DbType = DateTimeOffset)], CommandType='Text', CommandTimeout='30']
      SELECT TOP(@__p_1) [c].[Id], [c].[AttemptCount], [c].[CampaignId], [c].[ContactId], [c].[CreatedAt], [c].[LastError], [c].[LockedAt], [c].[LockedBy], [c].[NextAttemptAt], [c].[ProcessedAt], [c].[Status]
      FROM [CampaignQueueItems] AS [c]
      WHERE [c].[Status] = 1 OR ([c].[Status] = 3 AND [c].[NextAttemptAt] <= @__now_0)
      ORDER BY [c].[CreatedAt]
info: Microsoft.EntityFrameworkCore.Database.Command[20101]
      Executed DbCommand (56ms) [Parameters=[@__p_1='?' (DbType = Int32), @__now_0='?' (DbType = DateTimeOffset)], CommandType='Text', CommandTimeout='30']
      SELECT TOP(@__p_1) [c].[Id], [c].[AttemptCount], [c].[CampaignId], [c].[ContactId], [c].[CreatedAt], [c].[LastError], [c].[LockedAt], [c].[LockedBy], [c].[NextAttemptAt], [c].[ProcessedAt], [c].[Status]
      FROM [CampaignQueueItems] AS [c]
      WHERE [c].[Status] = 1 OR ([c].[Status] = 3 AND [c].[NextAttemptAt] <= @__now_0)
      ORDER BY [c].[CreatedAt]
info: Microsoft.EntityFrameworkCore.Database.Command[20101]
      Executed DbCommand (7ms) [Parameters=[@__p_1='?' (DbType = Int32), @__now_0='?' (DbType = DateTimeOffset)], CommandType='Text', CommandTimeout='30']
      SELECT TOP(@__p_1) [c].[Id], [c].[AttemptCount], [c].[CampaignId], [c].[ContactId], [c].[CreatedAt], [c].[LastError], [c].[LockedAt], [c].[LockedBy], [c].[NextAttemptAt], [c].[ProcessedAt], [c].[Status]
      FROM [CampaignQueueItems] AS [c]
      WHERE [c].[Status] = 1 OR ([c].[Status] = 3 AND [c].[NextAttemptAt] <= @__now_0)
      ORDER BY [c].[CreatedAt]
info: Microsoft.EntityFrameworkCore.Database.Command[20101]
      Executed DbCommand (11ms) [Parameters=[@__p_1='?' (DbType = Int32), @__now_0='?' (DbType = DateTimeOffset)], CommandType='Text', CommandTimeout='30']
      SELECT TOP(@__p_1) [c].[Id], [c].[AttemptCount], [c].[CampaignId], [c].[ContactId], [c].[CreatedAt], [c].[LastError], [c].[LockedAt], [c].[LockedBy], [c].[NextAttemptAt], [c].[ProcessedAt], [c].[Status]
      FROM [CampaignQueueItems] AS [c]
      WHERE [c].[Status] = 1 OR ([c].[Status] = 3 AND [c].[NextAttemptAt] <= @__now_0)
      ORDER BY [c].[CreatedAt]
info: Microsoft.EntityFrameworkCore.Database.Command[20101]
      Executed DbCommand (5ms) [Parameters=[@__p_1='?' (DbType = Int32), @__now_0='?' (DbType = DateTimeOffset)], CommandType='Text', CommandTimeout='30']
      SELECT TOP(@__p_1) [c].[Id], [c].[AttemptCount], [c].[CampaignId], [c].[ContactId], [c].[CreatedAt], [c].[LastError], [c].[LockedAt], [c].[LockedBy], [c].[NextAttemptAt], [c].[ProcessedAt], [c].[Status]
      FROM [CampaignQueueItems] AS [c]
      WHERE [c].[Status] = 1 OR ([c].[Status] = 3 AND [c].[NextAttemptAt] <= @__now_0)
      ORDER BY [c].[CreatedAt]
info: Microsoft.EntityFrameworkCore.Database.Command[20101]
      Executed DbCommand (8ms) [Parameters=[@__p_1='?' (DbType = Int32), @__now_0='?' (DbType = DateTimeOffset)], CommandType='Text', CommandTimeout='30']
      SELECT TOP(@__p_1) [c].[Id], [c].[AttemptCount], [c].[CampaignId], [c].[ContactId], [c].[CreatedAt], [c].[LastError], [c].[LockedAt], [c].[LockedBy], [c].[NextAttemptAt], [c].[ProcessedAt], [c].[Status]
      FROM [CampaignQueueItems] AS [c]
      WHERE [c].[Status] = 1 OR ([c].[Status] = 3 AND [c].[NextAttemptAt] <= @__now_0)
      ORDER BY [c].[CreatedAt]
info: Microsoft.EntityFrameworkCore.Database.Command[20101]
      Executed DbCommand (9ms) [Parameters=[@__p_1='?' (DbType = Int32), @__now_0='?' (DbType = DateTimeOffset)], CommandType='Text', CommandTimeout='30']
      SELECT TOP(@__p_1) [c].[Id], [c].[AttemptCount], [c].[CampaignId], [c].[ContactId], [c].[CreatedAt], [c].[LastError], [c].[LockedAt], [c].[LockedBy], [c].[NextAttemptAt], [c].[ProcessedAt], [c].[Status]
      FROM [CampaignQueueItems] AS [c]
      WHERE [c].[Status] = 1 OR ([c].[Status] = 3 AND [c].[NextAttemptAt] <= @__now_0)
      ORDER BY [c].[CreatedAt]
info: Microsoft.EntityFrameworkCore.Database.Command[20101]
      Executed DbCommand (17ms) [Parameters=[@__p_1='?' (DbType = Int32), @__now_0='?' (DbType = DateTimeOffset)], CommandType='Text', CommandTimeout='30']
      SELECT TOP(@__p_1) [c].[Id], [c].[AttemptCount], [c].[CampaignId], [c].[ContactId], [c].[CreatedAt], [c].[LastError], [c].[LockedAt], [c].[LockedBy], [c].[NextAttemptAt], [c].[ProcessedAt], [c].[Status]
      FROM [CampaignQueueItems] AS [c]
      WHERE [c].[Status] = 1 OR ([c].[Status] = 3 AND [c].[NextAttemptAt] <= @__now_0)
      ORDER BY [c].[CreatedAt]
info: Microsoft.EntityFrameworkCore.Database.Command[20101]
      Executed DbCommand (5ms) [Parameters=[@__p_1='?' (DbType = Int32), @__now_0='?' (DbType = DateTimeOffset)], CommandType='Text', CommandTimeout='30']
      SELECT TOP(@__p_1) [c].[Id], [c].[AttemptCount], [c].[CampaignId], [c].[ContactId], [c].[CreatedAt], [c].[LastError], [c].[LockedAt], [c].[LockedBy], [c].[NextAttemptAt], [c].[ProcessedAt], [c].[Status]
      FROM [CampaignQueueItems] AS [c]
      WHERE [c].[Status] = 1 OR ([c].[Status] = 3 AND [c].[NextAttemptAt] <= @__now_0)
      ORDER BY [c].[CreatedAt]
info: Microsoft.EntityFrameworkCore.Database.Command[20101]
      Executed DbCommand (11ms) [Parameters=[@__p_1='?' (DbType = Int32), @__now_0='?' (DbType = DateTimeOffset)], CommandType='Text', CommandTimeout='30']
      SELECT TOP(@__p_1) [c].[Id], [c].[AttemptCount], [c].[CampaignId], [c].[ContactId], [c].[CreatedAt], [c].[LastError], [c].[LockedAt], [c].[LockedBy], [c].[NextAttemptAt], [c].[ProcessedAt], [c].[Status]
      FROM [CampaignQueueItems] AS [c]
      WHERE [c].[Status] = 1 OR ([c].[Status] = 3 AND [c].[NextAttemptAt] <= @__now_0)
      ORDER BY [c].[CreatedAt]
info: Microsoft.EntityFrameworkCore.Database.Command[20101]
      Executed DbCommand (7ms) [Parameters=[@__p_1='?' (DbType = Int32), @__now_0='?' (DbType = DateTimeOffset)], CommandType='Text', CommandTimeout='30']
      SELECT TOP(@__p_1) [c].[Id], [c].[AttemptCount], [c].[CampaignId], [c].[ContactId], [c].[CreatedAt], [c].[LastError], [c].[LockedAt], [c].[LockedBy], [c].[NextAttemptAt], [c].[ProcessedAt], [c].[Status]
      FROM [CampaignQueueItems] AS [c]
      WHERE [c].[Status] = 1 OR ([c].[Status] = 3 AND [c].[NextAttemptAt] <= @__now_0)
      ORDER BY [c].[CreatedAt]
info: Microsoft.EntityFrameworkCore.Database.Command[20101]
      Executed DbCommand (7ms) [Parameters=[@__p_1='?' (DbType = Int32), @__now_0='?' (DbType = DateTimeOffset)], CommandType='Text', CommandTimeout='30']
      SELECT TOP(@__p_1) [c].[Id], [c].[AttemptCount], [c].[CampaignId], [c].[ContactId], [c].[CreatedAt], [c].[LastError], [c].[LockedAt], [c].[LockedBy], [c].[NextAttemptAt], [c].[ProcessedAt], [c].[Status]
      FROM [CampaignQueueItems] AS [c]
      WHERE [c].[Status] = 1 OR ([c].[Status] = 3 AND [c].[NextAttemptAt] <= @__now_0)
      ORDER BY [c].[CreatedAt]
info: Microsoft.EntityFrameworkCore.Database.Command[20101]
      Executed DbCommand (8ms) [Parameters=[@__p_1='?' (DbType = Int32), @__now_0='?' (DbType = DateTimeOffset)], CommandType='Text', CommandTimeout='30']
      SELECT TOP(@__p_1) [c].[Id], [c].[AttemptCount], [c].[CampaignId], [c].[ContactId], [c].[CreatedAt], [c].[LastError], [c].[LockedAt], [c].[LockedBy], [c].[NextAttemptAt], [c].[ProcessedAt], [c].[Status]
      FROM [CampaignQueueItems] AS [c]
      WHERE [c].[Status] = 1 OR ([c].[Status] = 3 AND [c].[NextAttemptAt] <= @__now_0)
      ORDER BY [c].[CreatedAt]
info: Microsoft.EntityFrameworkCore.Database.Command[20101]
      Executed DbCommand (16ms) [Parameters=[@__p_1='?' (DbType = Int32), @__now_0='?' (DbType = DateTimeOffset)], CommandType='Text', CommandTimeout='30']
      SELECT TOP(@__p_1) [c].[Id], [c].[AttemptCount], [c].[CampaignId], [c].[ContactId], [c].[CreatedAt], [c].[LastError], [c].[LockedAt], [c].[LockedBy], [c].[NextAttemptAt], [c].[ProcessedAt], [c].[Status]
      FROM [CampaignQueueItems] AS [c]
      WHERE [c].[Status] = 1 OR ([c].[Status] = 3 AND [c].[NextAttemptAt] <= @__now_0)
      ORDER BY [c].[CreatedAt]
info: Microsoft.EntityFrameworkCore.Database.Command[20101]
      Executed DbCommand (12ms) [Parameters=[@__p_1='?' (DbType = Int32), @__now_0='?' (DbType = DateTimeOffset)], CommandType='Text', CommandTimeout='30']
      SELECT TOP(@__p_1) [c].[Id], [c].[AttemptCount], [c].[CampaignId], [c].[ContactId], [c].[CreatedAt], [c].[LastError], [c].[LockedAt], [c].[LockedBy], [c].[NextAttemptAt], [c].[ProcessedAt], [c].[Status]
      FROM [CampaignQueueItems] AS [c]
      WHERE [c].[Status] = 1 OR ([c].[Status] = 3 AND [c].[NextAttemptAt] <= @__now_0)
      ORDER BY [c].[CreatedAt]
info: Microsoft.EntityFrameworkCore.Database.Command[20101]
      Executed DbCommand (20ms) [Parameters=[@__p_1='?' (DbType = Int32), @__now_0='?' (DbType = DateTimeOffset)], CommandType='Text', CommandTimeout='30']
      SELECT TOP(@__p_1) [c].[Id], [c].[AttemptCount], [c].[CampaignId], [c].[ContactId], [c].[CreatedAt], [c].[LastError], [c].[LockedAt], [c].[LockedBy], [c].[NextAttemptAt], [c].[ProcessedAt], [c].[Status]
      FROM [CampaignQueueItems] AS [c]
      WHERE [c].[Status] = 1 OR ([c].[Status] = 3 AND [c].[NextAttemptAt] <= @__now_0)
      ORDER BY [c].[CreatedAt]
info: Microsoft.EntityFrameworkCore.Database.Command[20101]
      Executed DbCommand (9ms) [Parameters=[@__p_1='?' (DbType = Int32), @__now_0='?' (DbType = DateTimeOffset)], CommandType='Text', CommandTimeout='30']
      SELECT TOP(@__p_1) [c].[Id], [c].[AttemptCount], [c].[CampaignId], [c].[ContactId], [c].[CreatedAt], [c].[LastError], [c].[LockedAt], [c].[LockedBy], [c].[NextAttemptAt], [c].[ProcessedAt], [c].[Status]
      FROM [CampaignQueueItems] AS [c]
      WHERE [c].[Status] = 1 OR ([c].[Status] = 3 AND [c].[NextAttemptAt] <= @__now_0)
      ORDER BY [c].[CreatedAt]
info: Microsoft.EntityFrameworkCore.Database.Command[20101]
      Executed DbCommand (6ms) [Parameters=[@__p_1='?' (DbType = Int32), @__now_0='?' (DbType = DateTimeOffset)], CommandType='Text', CommandTimeout='30']
      SELECT TOP(@__p_1) [c].[Id], [c].[AttemptCount], [c].[CampaignId], [c].[ContactId], [c].[CreatedAt], [c].[LastError], [c].[LockedAt], [c].[LockedBy], [c].[NextAttemptAt], [c].[ProcessedAt], [c].[Status]
      FROM [CampaignQueueItems] AS [c]
      WHERE [c].[Status] = 1 OR ([c].[Status] = 3 AND [c].[NextAttemptAt] <= @__now_0)
      ORDER BY [c].[CreatedAt]
info: Microsoft.EntityFrameworkCore.Database.Command[20101]
      Executed DbCommand (22ms) [Parameters=[@__p_1='?' (DbType = Int32), @__now_0='?' (DbType = DateTimeOffset)], CommandType='Text', CommandTimeout='30']
      SELECT TOP(@__p_1) [c].[Id], [c].[AttemptCount], [c].[CampaignId], [c].[ContactId], [c].[CreatedAt], [c].[LastError], [c].[LockedAt], [c].[LockedBy], [c].[NextAttemptAt], [c].[ProcessedAt], [c].[Status]
      FROM [CampaignQueueItems] AS [c]
      WHERE [c].[Status] = 1 OR ([c].[Status] = 3 AND [c].[NextAttemptAt] <= @__now_0)
      ORDER BY [c].[CreatedAt]
info: Microsoft.EntityFrameworkCore.Database.Command[20101]
      Executed DbCommand (14ms) [Parameters=[@__p_1='?' (DbType = Int32), @__now_0='?' (DbType = DateTimeOffset)], CommandType='Text', CommandTimeout='30']
      SELECT TOP(@__p_1) [c].[Id], [c].[AttemptCount], [c].[CampaignId], [c].[ContactId], [c].[CreatedAt], [c].[LastError], [c].[LockedAt], [c].[LockedBy], [c].[NextAttemptAt], [c].[ProcessedAt], [c].[Status]
      FROM [CampaignQueueItems] AS [c]
      WHERE [c].[Status] = 1 OR ([c].[Status] = 3 AND [c].[NextAttemptAt] <= @__now_0)
      ORDER BY [c].[CreatedAt]
info: Microsoft.EntityFrameworkCore.Database.Command[20101]
      Executed DbCommand (74ms) [Parameters=[@__p_1='?' (DbType = Int32), @__now_0='?' (DbType = DateTimeOffset)], CommandType='Text', CommandTimeout='30']
      SELECT TOP(@__p_1) [c].[Id], [c].[AttemptCount], [c].[CampaignId], [c].[ContactId], [c].[CreatedAt], [c].[LastError], [c].[LockedAt], [c].[LockedBy], [c].[NextAttemptAt], [c].[ProcessedAt], [c].[Status]
      FROM [CampaignQueueItems] AS [c]
      WHERE [c].[Status] = 1 OR ([c].[Status] = 3 AND [c].[NextAttemptAt] <= @__now_0)
      ORDER BY [c].[CreatedAt]
info: Microsoft.EntityFrameworkCore.Database.Command[20101]
      Executed DbCommand (37ms) [Parameters=[@__p_1='?' (DbType = Int32), @__now_0='?' (DbType = DateTimeOffset)], CommandType='Text', CommandTimeout='30']
      SELECT TOP(@__p_1) [c].[Id], [c].[AttemptCount], [c].[CampaignId], [c].[ContactId], [c].[CreatedAt], [c].[LastError], [c].[LockedAt], [c].[LockedBy], [c].[NextAttemptAt], [c].[ProcessedAt], [c].[Status]
      FROM [CampaignQueueItems] AS [c]
      WHERE [c].[Status] = 1 OR ([c].[Status] = 3 AND [c].[NextAttemptAt] <= @__now_0)
      ORDER BY [c].[CreatedAt]
info: Microsoft.EntityFrameworkCore.Database.Command[20101]
      Executed DbCommand (11ms) [Parameters=[@__p_1='?' (DbType = Int32), @__now_0='?' (DbType = DateTimeOffset)], CommandType='Text', CommandTimeout='30']
      SELECT TOP(@__p_1) [c].[Id], [c].[AttemptCount], [c].[CampaignId], [c].[ContactId], [c].[CreatedAt], [c].[LastError], [c].[LockedAt], [c].[LockedBy], [c].[NextAttemptAt], [c].[ProcessedAt], [c].[Status]
      FROM [CampaignQueueItems] AS [c]
      WHERE [c].[Status] = 1 OR ([c].[Status] = 3 AND [c].[NextAttemptAt] <= @__now_0)
      ORDER BY [c].[CreatedAt]
info: Microsoft.EntityFrameworkCore.Database.Command[20101]
      Executed DbCommand (12ms) [Parameters=[@__p_1='?' (DbType = Int32), @__now_0='?' (DbType = DateTimeOffset)], CommandType='Text', CommandTimeout='30']
      SELECT TOP(@__p_1) [c].[Id], [c].[AttemptCount], [c].[CampaignId], [c].[ContactId], [c].[CreatedAt], [c].[LastError], [c].[LockedAt], [c].[LockedBy], [c].[NextAttemptAt], [c].[ProcessedAt], [c].[Status]
      FROM [CampaignQueueItems] AS [c]
      WHERE [c].[Status] = 1 OR ([c].[Status] = 3 AND [c].[NextAttemptAt] <= @__now_0)
      ORDER BY [c].[CreatedAt]
info: Microsoft.EntityFrameworkCore.Database.Command[20101]
      Executed DbCommand (9ms) [Parameters=[@__p_1='?' (DbType = Int32), @__now_0='?' (DbType = DateTimeOffset)], CommandType='Text', CommandTimeout='30']
      SELECT TOP(@__p_1) [c].[Id], [c].[AttemptCount], [c].[CampaignId], [c].[ContactId], [c].[CreatedAt], [c].[LastError], [c].[LockedAt], [c].[LockedBy], [c].[NextAttemptAt], [c].[ProcessedAt], [c].[Status]
      FROM [CampaignQueueItems] AS [c]
      WHERE [c].[Status] = 1 OR ([c].[Status] = 3 AND [c].[NextAttemptAt] <= @__now_0)
      ORDER BY [c].[CreatedAt]
info: Microsoft.EntityFrameworkCore.Database.Command[20101]
      Executed DbCommand (15ms) [Parameters=[@__p_1='?' (DbType = Int32), @__now_0='?' (DbType = DateTimeOffset)], CommandType='Text', CommandTimeout='30']
      SELECT TOP(@__p_1) [c].[Id], [c].[AttemptCount], [c].[CampaignId], [c].[ContactId], [c].[CreatedAt], [c].[LastError], [c].[LockedAt], [c].[LockedBy], [c].[NextAttemptAt], [c].[ProcessedAt], [c].[Status]
      FROM [CampaignQueueItems] AS [c]
      WHERE [c].[Status] = 1 OR ([c].[Status] = 3 AND [c].[NextAttemptAt] <= @__now_0)
      ORDER BY [c].[CreatedAt]
info: Microsoft.EntityFrameworkCore.Database.Command[20101]
      Executed DbCommand (7ms) [Parameters=[@__p_1='?' (DbType = Int32), @__now_0='?' (DbType = DateTimeOffset)], CommandType='Text', CommandTimeout='30']
      SELECT TOP(@__p_1) [c].[Id], [c].[AttemptCount], [c].[CampaignId], [c].[ContactId], [c].[CreatedAt], [c].[LastError], [c].[LockedAt], [c].[LockedBy], [c].[NextAttemptAt], [c].[ProcessedAt], [c].[Status]
      FROM [CampaignQueueItems] AS [c]
      WHERE [c].[Status] = 1 OR ([c].[Status] = 3 AND [c].[NextAttemptAt] <= @__now_0)
      ORDER BY [c].[CreatedAt]
info: Microsoft.EntityFrameworkCore.Database.Command[20101]
      Executed DbCommand (8ms) [Parameters=[@__p_1='?' (DbType = Int32), @__now_0='?' (DbType = DateTimeOffset)], CommandType='Text', CommandTimeout='30']
      SELECT TOP(@__p_1) [c].[Id], [c].[AttemptCount], [c].[CampaignId], [c].[ContactId], [c].[CreatedAt], [c].[LastError], [c].[LockedAt], [c].[LockedBy], [c].[NextAttemptAt], [c].[ProcessedAt], [c].[Status]
      FROM [CampaignQueueItems] AS [c]
      WHERE [c].[Status] = 1 OR ([c].[Status] = 3 AND [c].[NextAttemptAt] <= @__now_0)
      ORDER BY [c].[CreatedAt]
info: Microsoft.EntityFrameworkCore.Database.Command[20101]
      Executed DbCommand (9ms) [Parameters=[@__p_1='?' (DbType = Int32), @__now_0='?' (DbType = DateTimeOffset)], CommandType='Text', CommandTimeout='30']
      SELECT TOP(@__p_1) [c].[Id], [c].[AttemptCount], [c].[CampaignId], [c].[ContactId], [c].[CreatedAt], [c].[LastError], [c].[LockedAt], [c].[LockedBy], [c].[NextAttemptAt], [c].[ProcessedAt], [c].[Status]
      FROM [CampaignQueueItems] AS [c]
      WHERE [c].[Status] = 1 OR ([c].[Status] = 3 AND [c].[NextAttemptAt] <= @__now_0)
      ORDER BY [c].[CreatedAt]
info: Microsoft.EntityFrameworkCore.Database.Command[20101]
      Executed DbCommand (25ms) [Parameters=[@__p_1='?' (DbType = Int32), @__now_0='?' (DbType = DateTimeOffset)], CommandType='Text', CommandTimeout='30']
      SELECT TOP(@__p_1) [c].[Id], [c].[AttemptCount], [c].[CampaignId], [c].[ContactId], [c].[CreatedAt], [c].[LastError], [c].[LockedAt], [c].[LockedBy], [c].[NextAttemptAt], [c].[ProcessedAt], [c].[Status]
      FROM [CampaignQueueItems] AS [c]
      WHERE [c].[Status] = 1 OR ([c].[Status] = 3 AND [c].[NextAttemptAt] <= @__now_0)
      ORDER BY [c].[CreatedAt]
info: Microsoft.EntityFrameworkCore.Database.Command[20101]
      Executed DbCommand (8ms) [Parameters=[@__p_1='?' (DbType = Int32), @__now_0='?' (DbType = DateTimeOffset)], CommandType='Text', CommandTimeout='30']
      SELECT TOP(@__p_1) [c].[Id], [c].[AttemptCount], [c].[CampaignId], [c].[ContactId], [c].[CreatedAt], [c].[LastError], [c].[LockedAt], [c].[LockedBy], [c].[NextAttemptAt], [c].[ProcessedAt], [c].[Status]
      FROM [CampaignQueueItems] AS [c]
      WHERE [c].[Status] = 1 OR ([c].[Status] = 3 AND [c].[NextAttemptAt] <= @__now_0)
      ORDER BY [c].[CreatedAt]
info: Microsoft.EntityFrameworkCore.Database.Command[20101]
      Executed DbCommand (12ms) [Parameters=[@__p_1='?' (DbType = Int32), @__now_0='?' (DbType = DateTimeOffset)], CommandType='Text', CommandTimeout='30']
      SELECT TOP(@__p_1) [c].[Id], [c].[AttemptCount], [c].[CampaignId], [c].[ContactId], [c].[CreatedAt], [c].[LastError], [c].[LockedAt], [c].[LockedBy], [c].[NextAttemptAt], [c].[ProcessedAt], [c].[Status]
      FROM [CampaignQueueItems] AS [c]
      WHERE [c].[Status] = 1 OR ([c].[Status] = 3 AND [c].[NextAttemptAt] <= @__now_0)
      ORDER BY [c].[CreatedAt]
info: Microsoft.EntityFrameworkCore.Database.Command[20101]
      Executed DbCommand (6ms) [Parameters=[@__p_1='?' (DbType = Int32), @__now_0='?' (DbType = DateTimeOffset)], CommandType='Text', CommandTimeout='30']
      SELECT TOP(@__p_1) [c].[Id], [c].[AttemptCount], [c].[CampaignId], [c].[ContactId], [c].[CreatedAt], [c].[LastError], [c].[LockedAt], [c].[LockedBy], [c].[NextAttemptAt], [c].[ProcessedAt], [c].[Status]
      FROM [CampaignQueueItems] AS [c]
      WHERE [c].[Status] = 1 OR ([c].[Status] = 3 AND [c].[NextAttemptAt] <= @__now_0)
      ORDER BY [c].[CreatedAt]
info: Microsoft.EntityFrameworkCore.Database.Command[20101]
      Executed DbCommand (9ms) [Parameters=[@__p_1='?' (DbType = Int32), @__now_0='?' (DbType = DateTimeOffset)], CommandType='Text', CommandTimeout='30']
      SELECT TOP(@__p_1) [c].[Id], [c].[AttemptCount], [c].[CampaignId], [c].[ContactId], [c].[CreatedAt], [c].[LastError], [c].[LockedAt], [c].[LockedBy], [c].[NextAttemptAt], [c].[ProcessedAt], [c].[Status]
      FROM [CampaignQueueItems] AS [c]
      WHERE [c].[Status] = 1 OR ([c].[Status] = 3 AND [c].[NextAttemptAt] <= @__now_0)
      ORDER BY [c].[CreatedAt]
info: Microsoft.EntityFrameworkCore.Database.Command[20101]
      Executed DbCommand (6ms) [Parameters=[@__p_1='?' (DbType = Int32), @__now_0='?' (DbType = DateTimeOffset)], CommandType='Text', CommandTimeout='30']
      SELECT TOP(@__p_1) [c].[Id], [c].[AttemptCount], [c].[CampaignId], [c].[ContactId], [c].[CreatedAt], [c].[LastError], [c].[LockedAt], [c].[LockedBy], [c].[NextAttemptAt], [c].[ProcessedAt], [c].[Status]
      FROM [CampaignQueueItems] AS [c]
      WHERE [c].[Status] = 1 OR ([c].[Status] = 3 AND [c].[NextAttemptAt] <= @__now_0)
      ORDER BY [c].[CreatedAt]
info: Microsoft.EntityFrameworkCore.Database.Command[20101]
      Executed DbCommand (19ms) [Parameters=[@__p_1='?' (DbType = Int32), @__now_0='?' (DbType = DateTimeOffset)], CommandType='Text', CommandTimeout='30']
      SELECT TOP(@__p_1) [c].[Id], [c].[AttemptCount], [c].[CampaignId], [c].[ContactId], [c].[CreatedAt], [c].[LastError], [c].[LockedAt], [c].[LockedBy], [c].[NextAttemptAt], [c].[ProcessedAt], [c].[Status]
      FROM [CampaignQueueItems] AS [c]
      WHERE [c].[Status] = 1 OR ([c].[Status] = 3 AND [c].[NextAttemptAt] <= @__now_0)
      ORDER BY [c].[CreatedAt]
info: Microsoft.EntityFrameworkCore.Database.Command[20101]
      Executed DbCommand (9ms) [Parameters=[@__p_1='?' (DbType = Int32), @__now_0='?' (DbType = DateTimeOffset)], CommandType='Text', CommandTimeout='30']
      SELECT TOP(@__p_1) [c].[Id], [c].[AttemptCount], [c].[CampaignId], [c].[ContactId], [c].[CreatedAt], [c].[LastError], [c].[LockedAt], [c].[LockedBy], [c].[NextAttemptAt], [c].[ProcessedAt], [c].[Status]
      FROM [CampaignQueueItems] AS [c]
      WHERE [c].[Status] = 1 OR ([c].[Status] = 3 AND [c].[NextAttemptAt] <= @__now_0)
      ORDER BY [c].[CreatedAt]
info: Microsoft.EntityFrameworkCore.Database.Command[20101]
      Executed DbCommand (8ms) [Parameters=[@__p_1='?' (DbType = Int32), @__now_0='?' (DbType = DateTimeOffset)], CommandType='Text', CommandTimeout='30']
      SELECT TOP(@__p_1) [c].[Id], [c].[AttemptCount], [c].[CampaignId], [c].[ContactId], [c].[CreatedAt], [c].[LastError], [c].[LockedAt], [c].[LockedBy], [c].[NextAttemptAt], [c].[ProcessedAt], [c].[Status]
      FROM [CampaignQueueItems] AS [c]
      WHERE [c].[Status] = 1 OR ([c].[Status] = 3 AND [c].[NextAttemptAt] <= @__now_0)
      ORDER BY [c].[CreatedAt]
info: Microsoft.EntityFrameworkCore.Database.Command[20101]
      Executed DbCommand (5ms) [Parameters=[@__p_1='?' (DbType = Int32), @__now_0='?' (DbType = DateTimeOffset)], CommandType='Text', CommandTimeout='30']
      SELECT TOP(@__p_1) [c].[Id], [c].[AttemptCount], [c].[CampaignId], [c].[ContactId], [c].[CreatedAt], [c].[LastError], [c].[LockedAt], [c].[LockedBy], [c].[NextAttemptAt], [c].[ProcessedAt], [c].[Status]
      FROM [CampaignQueueItems] AS [c]
      WHERE [c].[Status] = 1 OR ([c].[Status] = 3 AND [c].[NextAttemptAt] <= @__now_0)
      ORDER BY [c].[CreatedAt]
info: Microsoft.EntityFrameworkCore.Database.Command[20101]
      Executed DbCommand (19ms) [Parameters=[@__p_1='?' (DbType = Int32), @__now_0='?' (DbType = DateTimeOffset)], CommandType='Text', CommandTimeout='30']
      SELECT TOP(@__p_1) [c].[Id], [c].[AttemptCount], [c].[CampaignId], [c].[ContactId], [c].[CreatedAt], [c].[LastError], [c].[LockedAt], [c].[LockedBy], [c].[NextAttemptAt], [c].[ProcessedAt], [c].[Status]
      FROM [CampaignQueueItems] AS [c]
      WHERE [c].[Status] = 1 OR ([c].[Status] = 3 AND [c].[NextAttemptAt] <= @__now_0)
      ORDER BY [c].[CreatedAt]
info: Microsoft.EntityFrameworkCore.Database.Command[20101]
      Executed DbCommand (6ms) [Parameters=[@__p_1='?' (DbType = Int32), @__now_0='?' (DbType = DateTimeOffset)], CommandType='Text', CommandTimeout='30']
      SELECT TOP(@__p_1) [c].[Id], [c].[AttemptCount], [c].[CampaignId], [c].[ContactId], [c].[CreatedAt], [c].[LastError], [c].[LockedAt], [c].[LockedBy], [c].[NextAttemptAt], [c].[ProcessedAt], [c].[Status]
      FROM [CampaignQueueItems] AS [c]
      WHERE [c].[Status] = 1 OR ([c].[Status] = 3 AND [c].[NextAttemptAt] <= @__now_0)
      ORDER BY [c].[CreatedAt]
info: Microsoft.EntityFrameworkCore.Database.Command[20101]
      Executed DbCommand (17ms) [Parameters=[@__p_1='?' (DbType = Int32), @__now_0='?' (DbType = DateTimeOffset)], CommandType='Text', CommandTimeout='30']
      SELECT TOP(@__p_1) [c].[Id], [c].[AttemptCount], [c].[CampaignId], [c].[ContactId], [c].[CreatedAt], [c].[LastError], [c].[LockedAt], [c].[LockedBy], [c].[NextAttemptAt], [c].[ProcessedAt], [c].[Status]
      FROM [CampaignQueueItems] AS [c]
      WHERE [c].[Status] = 1 OR ([c].[Status] = 3 AND [c].[NextAttemptAt] <= @__now_0)
      ORDER BY [c].[CreatedAt]
info: Microsoft.EntityFrameworkCore.Database.Command[20101]
      Executed DbCommand (8ms) [Parameters=[@__p_1='?' (DbType = Int32), @__now_0='?' (DbType = DateTimeOffset)], CommandType='Text', CommandTimeout='30']
      SELECT TOP(@__p_1) [c].[Id], [c].[AttemptCount], [c].[CampaignId], [c].[ContactId], [c].[CreatedAt], [c].[LastError], [c].[LockedAt], [c].[LockedBy], [c].[NextAttemptAt], [c].[ProcessedAt], [c].[Status]
      FROM [CampaignQueueItems] AS [c]
      WHERE [c].[Status] = 1 OR ([c].[Status] = 3 AND [c].[NextAttemptAt] <= @__now_0)
      ORDER BY [c].[CreatedAt]
info: Microsoft.EntityFrameworkCore.Database.Command[20101]
      Executed DbCommand (6ms) [Parameters=[@__p_1='?' (DbType = Int32), @__now_0='?' (DbType = DateTimeOffset)], CommandType='Text', CommandTimeout='30']
      SELECT TOP(@__p_1) [c].[Id], [c].[AttemptCount], [c].[CampaignId], [c].[ContactId], [c].[CreatedAt], [c].[LastError], [c].[LockedAt], [c].[LockedBy], [c].[NextAttemptAt], [c].[ProcessedAt], [c].[Status]
      FROM [CampaignQueueItems] AS [c]
      WHERE [c].[Status] = 1 OR ([c].[Status] = 3 AND [c].[NextAttemptAt] <= @__now_0)
      ORDER BY [c].[CreatedAt]
info: Microsoft.EntityFrameworkCore.Database.Command[20101]
      Executed DbCommand (9ms) [Parameters=[@__p_1='?' (DbType = Int32), @__now_0='?' (DbType = DateTimeOffset)], CommandType='Text', CommandTimeout='30']
      SELECT TOP(@__p_1) [c].[Id], [c].[AttemptCount], [c].[CampaignId], [c].[ContactId], [c].[CreatedAt], [c].[LastError], [c].[LockedAt], [c].[LockedBy], [c].[NextAttemptAt], [c].[ProcessedAt], [c].[Status]
      FROM [CampaignQueueItems] AS [c]
      WHERE [c].[Status] = 1 OR ([c].[Status] = 3 AND [c].[NextAttemptAt] <= @__now_0)
      ORDER BY [c].[CreatedAt]
info: Microsoft.EntityFrameworkCore.Database.Command[20101]
      Executed DbCommand (8ms) [Parameters=[@__p_1='?' (DbType = Int32), @__now_0='?' (DbType = DateTimeOffset)], CommandType='Text', CommandTimeout='30']
      SELECT TOP(@__p_1) [c].[Id], [c].[AttemptCount], [c].[CampaignId], [c].[ContactId], [c].[CreatedAt], [c].[LastError], [c].[LockedAt], [c].[LockedBy], [c].[NextAttemptAt], [c].[ProcessedAt], [c].[Status]
      FROM [CampaignQueueItems] AS [c]
      WHERE [c].[Status] = 1 OR ([c].[Status] = 3 AND [c].[NextAttemptAt] <= @__now_0)
      ORDER BY [c].[CreatedAt]
info: Microsoft.EntityFrameworkCore.Database.Command[20101]
      Executed DbCommand (14ms) [Parameters=[@__p_1='?' (DbType = Int32), @__now_0='?' (DbType = DateTimeOffset)], CommandType='Text', CommandTimeout='30']
      SELECT TOP(@__p_1) [c].[Id], [c].[AttemptCount], [c].[CampaignId], [c].[ContactId], [c].[CreatedAt], [c].[LastError], [c].[LockedAt], [c].[LockedBy], [c].[NextAttemptAt], [c].[ProcessedAt], [c].[Status]
      FROM [CampaignQueueItems] AS [c]
      WHERE [c].[Status] = 1 OR ([c].[Status] = 3 AND [c].[NextAttemptAt] <= @__now_0)
      ORDER BY [c].[CreatedAt]
info: Microsoft.EntityFrameworkCore.Database.Command[20101]
      Executed DbCommand (8ms) [Parameters=[@__p_1='?' (DbType = Int32), @__now_0='?' (DbType = DateTimeOffset)], CommandType='Text', CommandTimeout='30']
      SELECT TOP(@__p_1) [c].[Id], [c].[AttemptCount], [c].[CampaignId], [c].[ContactId], [c].[CreatedAt], [c].[LastError], [c].[LockedAt], [c].[LockedBy], [c].[NextAttemptAt], [c].[ProcessedAt], [c].[Status]
      FROM [CampaignQueueItems] AS [c]
      WHERE [c].[Status] = 1 OR ([c].[Status] = 3 AND [c].[NextAttemptAt] <= @__now_0)
      ORDER BY [c].[CreatedAt]
info: Microsoft.EntityFrameworkCore.Database.Command[20101]
      Executed DbCommand (13ms) [Parameters=[@__p_1='?' (DbType = Int32), @__now_0='?' (DbType = DateTimeOffset)], CommandType='Text', CommandTimeout='30']
      SELECT TOP(@__p_1) [c].[Id], [c].[AttemptCount], [c].[CampaignId], [c].[ContactId], [c].[CreatedAt], [c].[LastError], [c].[LockedAt], [c].[LockedBy], [c].[NextAttemptAt], [c].[ProcessedAt], [c].[Status]
      FROM [CampaignQueueItems] AS [c]
      WHERE [c].[Status] = 1 OR ([c].[Status] = 3 AND [c].[NextAttemptAt] <= @__now_0)
      ORDER BY [c].[CreatedAt]
info: Microsoft.EntityFrameworkCore.Database.Command[20101]
      Executed DbCommand (10ms) [Parameters=[@__p_1='?' (DbType = Int32), @__now_0='?' (DbType = DateTimeOffset)], CommandType='Text', CommandTimeout='30']
      SELECT TOP(@__p_1) [c].[Id], [c].[AttemptCount], [c].[CampaignId], [c].[ContactId], [c].[CreatedAt], [c].[LastError], [c].[LockedAt], [c].[LockedBy], [c].[NextAttemptAt], [c].[ProcessedAt], [c].[Status]
      FROM [CampaignQueueItems] AS [c]
      WHERE [c].[Status] = 1 OR ([c].[Status] = 3 AND [c].[NextAttemptAt] <= @__now_0)
      ORDER BY [c].[CreatedAt]
info: Microsoft.EntityFrameworkCore.Database.Command[20101]
      Executed DbCommand (11ms) [Parameters=[@__p_1='?' (DbType = Int32), @__now_0='?' (DbType = DateTimeOffset)], CommandType='Text', CommandTimeout='30']
      SELECT TOP(@__p_1) [c].[Id], [c].[AttemptCount], [c].[CampaignId], [c].[ContactId], [c].[CreatedAt], [c].[LastError], [c].[LockedAt], [c].[LockedBy], [c].[NextAttemptAt], [c].[ProcessedAt], [c].[Status]
      FROM [CampaignQueueItems] AS [c]
      WHERE [c].[Status] = 1 OR ([c].[Status] = 3 AND [c].[NextAttemptAt] <= @__now_0)
      ORDER BY [c].[CreatedAt]
info: Microsoft.EntityFrameworkCore.Database.Command[20101]
      Executed DbCommand (7ms) [Parameters=[@__p_1='?' (DbType = Int32), @__now_0='?' (DbType = DateTimeOffset)], CommandType='Text', CommandTimeout='30']
      SELECT TOP(@__p_1) [c].[Id], [c].[AttemptCount], [c].[CampaignId], [c].[ContactId], [c].[CreatedAt], [c].[LastError], [c].[LockedAt], [c].[LockedBy], [c].[NextAttemptAt], [c].[ProcessedAt], [c].[Status]
      FROM [CampaignQueueItems] AS [c]
      WHERE [c].[Status] = 1 OR ([c].[Status] = 3 AND [c].[NextAttemptAt] <= @__now_0)
      ORDER BY [c].[CreatedAt]
info: Microsoft.EntityFrameworkCore.Database.Command[20101]
      Executed DbCommand (10ms) [Parameters=[@__p_1='?' (DbType = Int32), @__now_0='?' (DbType = DateTimeOffset)], CommandType='Text', CommandTimeout='30']
      SELECT TOP(@__p_1) [c].[Id], [c].[AttemptCount], [c].[CampaignId], [c].[ContactId], [c].[CreatedAt], [c].[LastError], [c].[LockedAt], [c].[LockedBy], [c].[NextAttemptAt], [c].[ProcessedAt], [c].[Status]
      FROM [CampaignQueueItems] AS [c]
      WHERE [c].[Status] = 1 OR ([c].[Status] = 3 AND [c].[NextAttemptAt] <= @__now_0)
      ORDER BY [c].[CreatedAt]
info: Microsoft.EntityFrameworkCore.Database.Command[20101]
      Executed DbCommand (6ms) [Parameters=[@__p_1='?' (DbType = Int32), @__now_0='?' (DbType = DateTimeOffset)], CommandType='Text', CommandTimeout='30']
      SELECT TOP(@__p_1) [c].[Id], [c].[AttemptCount], [c].[CampaignId], [c].[ContactId], [c].[CreatedAt], [c].[LastError], [c].[LockedAt], [c].[LockedBy], [c].[NextAttemptAt], [c].[ProcessedAt], [c].[Status]
      FROM [CampaignQueueItems] AS [c]
      WHERE [c].[Status] = 1 OR ([c].[Status] = 3 AND [c].[NextAttemptAt] <= @__now_0)
      ORDER BY [c].[CreatedAt]
info: Microsoft.EntityFrameworkCore.Database.Command[20101]
      Executed DbCommand (9ms) [Parameters=[@__p_1='?' (DbType = Int32), @__now_0='?' (DbType = DateTimeOffset)], CommandType='Text', CommandTimeout='30']
      SELECT TOP(@__p_1) [c].[Id], [c].[AttemptCount], [c].[CampaignId], [c].[ContactId], [c].[CreatedAt], [c].[LastError], [c].[LockedAt], [c].[LockedBy], [c].[NextAttemptAt], [c].[ProcessedAt], [c].[Status]
      FROM [CampaignQueueItems] AS [c]
      WHERE [c].[Status] = 1 OR ([c].[Status] = 3 AND [c].[NextAttemptAt] <= @__now_0)
      ORDER BY [c].[CreatedAt]
info: Microsoft.EntityFrameworkCore.Database.Command[20101]
      Executed DbCommand (6ms) [Parameters=[@__p_1='?' (DbType = Int32), @__now_0='?' (DbType = DateTimeOffset)], CommandType='Text', CommandTimeout='30']
      SELECT TOP(@__p_1) [c].[Id], [c].[AttemptCount], [c].[CampaignId], [c].[ContactId], [c].[CreatedAt], [c].[LastError], [c].[LockedAt], [c].[LockedBy], [c].[NextAttemptAt], [c].[ProcessedAt], [c].[Status]
      FROM [CampaignQueueItems] AS [c]
      WHERE [c].[Status] = 1 OR ([c].[Status] = 3 AND [c].[NextAttemptAt] <= @__now_0)
      ORDER BY [c].[CreatedAt]
info: Microsoft.EntityFrameworkCore.Database.Command[20101]
      Executed DbCommand (6ms) [Parameters=[@__p_1='?' (DbType = Int32), @__now_0='?' (DbType = DateTimeOffset)], CommandType='Text', CommandTimeout='30']
      SELECT TOP(@__p_1) [c].[Id], [c].[AttemptCount], [c].[CampaignId], [c].[ContactId], [c].[CreatedAt], [c].[LastError], [c].[LockedAt], [c].[LockedBy], [c].[NextAttemptAt], [c].[ProcessedAt], [c].[Status]
      FROM [CampaignQueueItems] AS [c]
      WHERE [c].[Status] = 1 OR ([c].[Status] = 3 AND [c].[NextAttemptAt] <= @__now_0)
      ORDER BY [c].[CreatedAt]
info: Microsoft.EntityFrameworkCore.Database.Command[20101]
      Executed DbCommand (42ms) [Parameters=[@__p_1='?' (DbType = Int32), @__now_0='?' (DbType = DateTimeOffset)], CommandType='Text', CommandTimeout='30']
      SELECT TOP(@__p_1) [c].[Id], [c].[AttemptCount], [c].[CampaignId], [c].[ContactId], [c].[CreatedAt], [c].[LastError], [c].[LockedAt], [c].[LockedBy], [c].[NextAttemptAt], [c].[ProcessedAt], [c].[Status]
      FROM [CampaignQueueItems] AS [c]
      WHERE [c].[Status] = 1 OR ([c].[Status] = 3 AND [c].[NextAttemptAt] <= @__now_0)
      ORDER BY [c].[CreatedAt]
